{"C:\\Users\\Keith Bunn\\Downloads\\project-003-bioinformatics-chatbot\\frontend\\src\\App.jsx": {"path":"C:\\Users\\Keith Bunn\\Downloads\\project-003-bioinformatics-chatbot\\frontend\\src\\App.jsx","all":true,"statementMap":{"0":{"start":{"line":1,"column":0},"end":{"line":1,"column":3}},"1":{"start":{"line":2,"column":0},"end":{"line":2,"column":16}},"2":{"start":{"line":3,"column":0},"end":{"line":3,"column":125}},"3":{"start":{"line":4,"column":0},"end":{"line":4,"column":3}},"4":{"start":{"line":5,"column":0},"end":{"line":5,"column":0}},"5":{"start":{"line":6,"column":0},"end":{"line":6,"column":0}},"6":{"start":{"line":7,"column":0},"end":{"line":7,"column":36}},"7":{"start":{"line":8,"column":0},"end":{"line":8,"column":46}},"8":{"start":{"line":9,"column":0},"end":{"line":9,"column":0}},"9":{"start":{"line":10,"column":0},"end":{"line":10,"column":0}},"10":{"start":{"line":11,"column":0},"end":{"line":11,"column":3}},"11":{"start":{"line":12,"column":0},"end":{"line":12,"column":77}},"12":{"start":{"line":13,"column":0},"end":{"line":13,"column":2}},"13":{"start":{"line":14,"column":0},"end":{"line":14,"column":48}},"14":{"start":{"line":15,"column":0},"end":{"line":15,"column":139}},"15":{"start":{"line":16,"column":0},"end":{"line":16,"column":28}},"16":{"start":{"line":17,"column":0},"end":{"line":17,"column":66}},"17":{"start":{"line":18,"column":0},"end":{"line":18,"column":2}},"18":{"start":{"line":19,"column":0},"end":{"line":19,"column":97}},"19":{"start":{"line":20,"column":0},"end":{"line":20,"column":2}},"20":{"start":{"line":21,"column":0},"end":{"line":21,"column":13}},"21":{"start":{"line":22,"column":0},"end":{"line":22,"column":62}},"22":{"start":{"line":23,"column":0},"end":{"line":23,"column":3}},"23":{"start":{"line":24,"column":0},"end":{"line":24,"column":0}},"24":{"start":{"line":25,"column":0},"end":{"line":25,"column":16}},"25":{"start":{"line":26,"column":0},"end":{"line":26,"column":9}},"26":{"start":{"line":27,"column":0},"end":{"line":27,"column":2}},"27":{"start":{"line":28,"column":0},"end":{"line":28,"column":54}},"28":{"start":{"line":29,"column":0},"end":{"line":29,"column":0}},"29":{"start":{"line":30,"column":0},"end":{"line":30,"column":20}},"30":{"start":{"line":31,"column":0},"end":{"line":31,"column":138}},"31":{"start":{"line":32,"column":0},"end":{"line":32,"column":80}},"32":{"start":{"line":33,"column":0},"end":{"line":33,"column":81}},"33":{"start":{"line":34,"column":0},"end":{"line":34,"column":75}},"34":{"start":{"line":35,"column":0},"end":{"line":35,"column":31}},"35":{"start":{"line":36,"column":0},"end":{"line":36,"column":9}},"36":{"start":{"line":37,"column":0},"end":{"line":37,"column":0}},"37":{"start":{"line":38,"column":0},"end":{"line":38,"column":80}},"38":{"start":{"line":39,"column":0},"end":{"line":39,"column":164}},"39":{"start":{"line":40,"column":0},"end":{"line":40,"column":43}},"40":{"start":{"line":41,"column":0},"end":{"line":41,"column":10}},"41":{"start":{"line":42,"column":0},"end":{"line":42,"column":0}},"42":{"start":{"line":43,"column":0},"end":{"line":43,"column":31}},"43":{"start":{"line":44,"column":0},"end":{"line":44,"column":65}},"44":{"start":{"line":45,"column":0},"end":{"line":45,"column":62}},"45":{"start":{"line":46,"column":0},"end":{"line":46,"column":194}},"46":{"start":{"line":47,"column":0},"end":{"line":47,"column":14}},"47":{"start":{"line":48,"column":0},"end":{"line":48,"column":0}},"48":{"start":{"line":49,"column":0},"end":{"line":49,"column":33}},"49":{"start":{"line":50,"column":0},"end":{"line":50,"column":91}},"50":{"start":{"line":51,"column":0},"end":{"line":51,"column":72}},"51":{"start":{"line":52,"column":0},"end":{"line":52,"column":179}},"52":{"start":{"line":53,"column":0},"end":{"line":53,"column":10}},"53":{"start":{"line":54,"column":0},"end":{"line":54,"column":9}},"54":{"start":{"line":55,"column":0},"end":{"line":55,"column":0}},"55":{"start":{"line":56,"column":0},"end":{"line":56,"column":20}},"56":{"start":{"line":57,"column":0},"end":{"line":57,"column":98}},"57":{"start":{"line":58,"column":0},"end":{"line":58,"column":120}},"58":{"start":{"line":59,"column":0},"end":{"line":59,"column":83}},"59":{"start":{"line":60,"column":0},"end":{"line":60,"column":9}},"60":{"start":{"line":61,"column":0},"end":{"line":61,"column":8}},"61":{"start":{"line":62,"column":0},"end":{"line":62,"column":3}},"62":{"start":{"line":63,"column":0},"end":{"line":63,"column":1}},"63":{"start":{"line":64,"column":0},"end":{"line":64,"column":0}},"64":{"start":{"line":65,"column":0},"end":{"line":65,"column":19}}},"s":{"0":0,"1":0,"2":0,"3":0,"4":0,"5":0,"6":0,"7":0,"8":0,"9":0,"10":0,"11":0,"12":0,"13":0,"14":0,"15":0,"16":0,"17":0,"18":0,"19":0,"20":0,"21":0,"22":0,"23":0,"24":0,"25":0,"26":0,"27":0,"28":0,"29":0,"30":0,"31":0,"32":0,"33":0,"34":0,"35":0,"36":0,"37":0,"38":0,"39":0,"40":0,"41":0,"42":0,"43":0,"44":0,"45":0,"46":0,"47":0,"48":0,"49":0,"50":0,"51":0,"52":0,"53":0,"54":0,"55":0,"56":0,"57":0,"58":0,"59":0,"60":0,"61":0,"62":0,"63":0,"64":0},"branchMap":{"0":{"type":"branch","line":1,"loc":{"start":{"line":1,"column":0},"end":{"line":65,"column":19}},"locations":[{"start":{"line":1,"column":0},"end":{"line":65,"column":19}}]}},"b":{"0":[0]},"fnMap":{"0":{"name":"(empty-report)","decl":{"start":{"line":1,"column":0},"end":{"line":65,"column":19}},"loc":{"start":{"line":1,"column":0},"end":{"line":65,"column":19}},"line":1}},"f":{"0":0}}
,"C:\\Users\\Keith Bunn\\Downloads\\project-003-bioinformatics-chatbot\\frontend\\src\\main.jsx": {"path":"C:\\Users\\Keith Bunn\\Downloads\\project-003-bioinformatics-chatbot\\frontend\\src\\main.jsx","all":true,"statementMap":{"0":{"start":{"line":1,"column":0},"end":{"line":1,"column":0}},"1":{"start":{"line":2,"column":0},"end":{"line":2,"column":0}},"2":{"start":{"line":3,"column":0},"end":{"line":3,"column":0}},"3":{"start":{"line":4,"column":0},"end":{"line":4,"column":3}},"4":{"start":{"line":5,"column":0},"end":{"line":5,"column":19}},"5":{"start":{"line":6,"column":0},"end":{"line":6,"column":93}},"6":{"start":{"line":7,"column":0},"end":{"line":7,"column":112}},"7":{"start":{"line":8,"column":0},"end":{"line":8,"column":42}},"8":{"start":{"line":9,"column":0},"end":{"line":9,"column":3}},"9":{"start":{"line":10,"column":0},"end":{"line":10,"column":0}},"10":{"start":{"line":11,"column":0},"end":{"line":11,"column":0}},"11":{"start":{"line":12,"column":0},"end":{"line":12,"column":0}},"12":{"start":{"line":13,"column":0},"end":{"line":13,"column":40}},"13":{"start":{"line":14,"column":0},"end":{"line":14,"column":60}},"14":{"start":{"line":15,"column":0},"end":{"line":15,"column":28}},"15":{"start":{"line":16,"column":0},"end":{"line":16,"column":36}},"16":{"start":{"line":17,"column":0},"end":{"line":17,"column":43}},"17":{"start":{"line":18,"column":0},"end":{"line":18,"column":0}},"18":{"start":{"line":19,"column":0},"end":{"line":19,"column":0}},"19":{"start":{"line":20,"column":0},"end":{"line":20,"column":45}},"20":{"start":{"line":21,"column":0},"end":{"line":21,"column":3}},"21":{"start":{"line":22,"column":0},"end":{"line":22,"column":104}},"22":{"start":{"line":23,"column":0},"end":{"line":23,"column":22}},"23":{"start":{"line":24,"column":0},"end":{"line":24,"column":41}},"24":{"start":{"line":25,"column":0},"end":{"line":25,"column":46}},"25":{"start":{"line":26,"column":0},"end":{"line":26,"column":70}},"26":{"start":{"line":27,"column":0},"end":{"line":27,"column":3}},"27":{"start":{"line":28,"column":0},"end":{"line":28,"column":0}},"28":{"start":{"line":29,"column":0},"end":{"line":29,"column":33}},"29":{"start":{"line":30,"column":0},"end":{"line":30,"column":16}},"30":{"start":{"line":31,"column":0},"end":{"line":31,"column":10}},"31":{"start":{"line":32,"column":0},"end":{"line":32,"column":39}},"32":{"start":{"line":33,"column":0},"end":{"line":33,"column":44}},"33":{"start":{"line":34,"column":0},"end":{"line":34,"column":48}},"34":{"start":{"line":35,"column":0},"end":{"line":35,"column":11}},"35":{"start":{"line":36,"column":0},"end":{"line":36,"column":17}},"36":{"start":{"line":37,"column":0},"end":{"line":37,"column":2}}},"s":{"0":0,"1":0,"2":0,"3":0,"4":0,"5":0,"6":0,"7":0,"8":0,"9":0,"10":0,"11":0,"12":0,"13":0,"14":0,"15":0,"16":0,"17":0,"18":0,"19":0,"20":0,"21":0,"22":0,"23":0,"24":0,"25":0,"26":0,"27":0,"28":0,"29":0,"30":0,"31":0,"32":0,"33":0,"34":0,"35":0,"36":0},"branchMap":{"0":{"type":"branch","line":1,"loc":{"start":{"line":1,"column":0},"end":{"line":37,"column":2}},"locations":[{"start":{"line":1,"column":0},"end":{"line":37,"column":2}}]}},"b":{"0":[0]},"fnMap":{"0":{"name":"(empty-report)","decl":{"start":{"line":1,"column":0},"end":{"line":37,"column":2}},"loc":{"start":{"line":1,"column":0},"end":{"line":37,"column":2}},"line":1}},"f":{"0":0}}
,"C:\\Users\\Keith Bunn\\Downloads\\project-003-bioinformatics-chatbot\\frontend\\src\\Components\\chatBox.jsx": {"path":"C:\\Users\\Keith Bunn\\Downloads\\project-003-bioinformatics-chatbot\\frontend\\src\\Components\\chatBox.jsx","all":false,"statementMap":{"1":{"start":{"line":2,"column":0},"end":{"line":2,"column":3}},"4":{"start":{"line":5,"column":0},"end":{"line":5,"column":3}},"5":{"start":{"line":6,"column":0},"end":{"line":6,"column":35}},"7":{"start":{"line":8,"column":0},"end":{"line":8,"column":3}},"13":{"start":{"line":14,"column":0},"end":{"line":14,"column":3}},"14":{"start":{"line":15,"column":0},"end":{"line":15,"column":21}},"15":{"start":{"line":16,"column":0},"end":{"line":16,"column":86}},"16":{"start":{"line":17,"column":0},"end":{"line":17,"column":92}},"17":{"start":{"line":18,"column":0},"end":{"line":18,"column":100}},"18":{"start":{"line":19,"column":0},"end":{"line":19,"column":2}},"21":{"start":{"line":22,"column":0},"end":{"line":22,"column":3}},"34":{"start":{"line":35,"column":0},"end":{"line":35,"column":3}},"35":{"start":{"line":36,"column":0},"end":{"line":36,"column":93}},"36":{"start":{"line":37,"column":0},"end":{"line":37,"column":9}},"37":{"start":{"line":38,"column":0},"end":{"line":38,"column":138}},"38":{"start":{"line":39,"column":0},"end":{"line":39,"column":7}},"39":{"start":{"line":40,"column":0},"end":{"line":40,"column":45}},"40":{"start":{"line":41,"column":0},"end":{"line":41,"column":26}},"41":{"start":{"line":42,"column":0},"end":{"line":42,"column":75}},"44":{"start":{"line":45,"column":0},"end":{"line":45,"column":18}},"45":{"start":{"line":46,"column":0},"end":{"line":46,"column":11}},"46":{"start":{"line":47,"column":0},"end":{"line":47,"column":18}},"47":{"start":{"line":48,"column":0},"end":{"line":48,"column":27}},"48":{"start":{"line":49,"column":0},"end":{"line":49,"column":89}},"49":{"start":{"line":50,"column":0},"end":{"line":50,"column":30}},"50":{"start":{"line":51,"column":0},"end":{"line":51,"column":5}},"56":{"start":{"line":57,"column":0},"end":{"line":57,"column":9}},"57":{"start":{"line":58,"column":0},"end":{"line":58,"column":78}},"58":{"start":{"line":59,"column":0},"end":{"line":59,"column":15}},"59":{"start":{"line":60,"column":0},"end":{"line":60,"column":32}},"60":{"start":{"line":61,"column":0},"end":{"line":61,"column":83}},"61":{"start":{"line":62,"column":0},"end":{"line":62,"column":110}},"62":{"start":{"line":63,"column":0},"end":{"line":63,"column":135}},"64":{"start":{"line":65,"column":0},"end":{"line":65,"column":10}},"65":{"start":{"line":66,"column":0},"end":{"line":66,"column":100}},"66":{"start":{"line":67,"column":0},"end":{"line":67,"column":17}},"67":{"start":{"line":68,"column":0},"end":{"line":68,"column":93}},"69":{"start":{"line":70,"column":0},"end":{"line":70,"column":73}},"73":{"start":{"line":74,"column":0},"end":{"line":74,"column":1}}},"s":{"1":1,"4":1,"5":1,"7":1,"13":1,"14":1,"15":1,"16":1,"17":1,"18":1,"21":1,"34":1,"35":1,"36":49,"37":49,"38":49,"39":49,"40":49,"41":49,"44":49,"45":49,"46":49,"47":49,"48":49,"49":49,"50":49,"56":49,"57":49,"58":49,"59":49,"60":49,"61":49,"62":49,"64":49,"65":49,"66":49,"67":49,"69":49,"73":49},"branchMap":{"0":{"type":"branch","line":36,"loc":{"start":{"line":36,"column":15},"end":{"line":74,"column":1}},"locations":[{"start":{"line":36,"column":15},"end":{"line":74,"column":1}}]},"1":{"type":"branch","line":62,"loc":{"start":{"line":62,"column":14},"end":{"line":62,"column":110}},"locations":[{"start":{"line":62,"column":14},"end":{"line":62,"column":110}}]}},"b":{"0":[49],"1":[8]},"fnMap":{"0":{"name":"ChatBox","decl":{"start":{"line":36,"column":15},"end":{"line":74,"column":1}},"loc":{"start":{"line":36,"column":15},"end":{"line":74,"column":1}},"line":36},"1":{"name":"onChange","decl":{"start":{"line":62,"column":14},"end":{"line":62,"column":110}},"loc":{"start":{"line":62,"column":14},"end":{"line":62,"column":110}},"line":62}},"f":{"0":49,"1":8}}
,"C:\\Users\\Keith Bunn\\Downloads\\project-003-bioinformatics-chatbot\\frontend\\src\\Components\\errorBox.jsx": {"path":"C:\\Users\\Keith Bunn\\Downloads\\project-003-bioinformatics-chatbot\\frontend\\src\\Components\\errorBox.jsx","all":false,"statementMap":{"0":{"start":{"line":1,"column":0},"end":{"line":1,"column":3}},"3":{"start":{"line":4,"column":0},"end":{"line":4,"column":3}},"4":{"start":{"line":5,"column":0},"end":{"line":5,"column":35}},"5":{"start":{"line":6,"column":0},"end":{"line":6,"column":3}},"11":{"start":{"line":12,"column":0},"end":{"line":12,"column":3}},"13":{"start":{"line":14,"column":0},"end":{"line":14,"column":22}},"14":{"start":{"line":15,"column":0},"end":{"line":15,"column":86}},"15":{"start":{"line":16,"column":0},"end":{"line":16,"column":84}},"16":{"start":{"line":17,"column":0},"end":{"line":17,"column":92}},"17":{"start":{"line":18,"column":0},"end":{"line":18,"column":2}},"19":{"start":{"line":20,"column":0},"end":{"line":20,"column":3}},"32":{"start":{"line":33,"column":0},"end":{"line":33,"column":3}},"33":{"start":{"line":34,"column":0},"end":{"line":34,"column":61}},"34":{"start":{"line":35,"column":0},"end":{"line":35,"column":9}},"35":{"start":{"line":36,"column":0},"end":{"line":36,"column":6}},"36":{"start":{"line":37,"column":0},"end":{"line":37,"column":119}},"37":{"start":{"line":38,"column":0},"end":{"line":38,"column":15}},"38":{"start":{"line":39,"column":0},"end":{"line":39,"column":26}},"39":{"start":{"line":40,"column":0},"end":{"line":40,"column":54}},"40":{"start":{"line":41,"column":0},"end":{"line":41,"column":9}},"41":{"start":{"line":42,"column":0},"end":{"line":42,"column":74}},"42":{"start":{"line":43,"column":0},"end":{"line":43,"column":50}},"45":{"start":{"line":46,"column":0},"end":{"line":46,"column":11}},"46":{"start":{"line":47,"column":0},"end":{"line":47,"column":54}},"47":{"start":{"line":48,"column":0},"end":{"line":48,"column":92}},"48":{"start":{"line":49,"column":0},"end":{"line":49,"column":93}},"49":{"start":{"line":50,"column":0},"end":{"line":50,"column":5}},"55":{"start":{"line":56,"column":0},"end":{"line":56,"column":1}}},"s":{"0":1,"3":1,"4":1,"5":1,"11":1,"13":1,"14":1,"15":1,"16":1,"17":1,"19":1,"32":1,"33":1,"34":7,"35":7,"36":7,"37":7,"38":7,"39":7,"40":7,"41":7,"42":7,"45":7,"46":7,"47":7,"48":7,"49":7,"55":7},"branchMap":{"0":{"type":"branch","line":34,"loc":{"start":{"line":34,"column":15},"end":{"line":56,"column":1}},"locations":[{"start":{"line":34,"column":15},"end":{"line":56,"column":1}}]},"1":{"type":"branch","line":49,"loc":{"start":{"line":49,"column":14},"end":{"line":49,"column":93}},"locations":[{"start":{"line":49,"column":14},"end":{"line":49,"column":93}}]}},"b":{"0":[7],"1":[1]},"fnMap":{"0":{"name":"ErrorBox","decl":{"start":{"line":34,"column":15},"end":{"line":56,"column":1}},"loc":{"start":{"line":34,"column":15},"end":{"line":56,"column":1}},"line":34},"1":{"name":"onClick","decl":{"start":{"line":49,"column":14},"end":{"line":49,"column":93}},"loc":{"start":{"line":49,"column":14},"end":{"line":49,"column":93}},"line":49}},"f":{"0":7,"1":1}}
,"C:\\Users\\Keith Bunn\\Downloads\\project-003-bioinformatics-chatbot\\frontend\\src\\Components\\loadingSpinner.jsx": {"path":"C:\\Users\\Keith Bunn\\Downloads\\project-003-bioinformatics-chatbot\\frontend\\src\\Components\\loadingSpinner.jsx","all":false,"statementMap":{"0":{"start":{"line":1,"column":0},"end":{"line":1,"column":42}},"1":{"start":{"line":2,"column":0},"end":{"line":2,"column":10}},"2":{"start":{"line":3,"column":0},"end":{"line":3,"column":98}},"3":{"start":{"line":4,"column":0},"end":{"line":4,"column":49}},"4":{"start":{"line":5,"column":0},"end":{"line":5,"column":113}},"5":{"start":{"line":6,"column":0},"end":{"line":6,"column":114}},"6":{"start":{"line":7,"column":0},"end":{"line":7,"column":77}},"9":{"start":{"line":10,"column":0},"end":{"line":10,"column":1}}},"s":{"0":1,"1":6,"2":6,"3":6,"4":6,"5":6,"6":6,"9":6},"branchMap":{"0":{"type":"branch","line":1,"loc":{"start":{"line":1,"column":15},"end":{"line":10,"column":1}},"locations":[{"start":{"line":1,"column":15},"end":{"line":10,"column":1}}]}},"b":{"0":[6]},"fnMap":{"0":{"name":"LoadingSpinner","decl":{"start":{"line":1,"column":15},"end":{"line":10,"column":1}},"loc":{"start":{"line":1,"column":15},"end":{"line":10,"column":1}},"line":1}},"f":{"0":6}}
,"C:\\Users\\Keith Bunn\\Downloads\\project-003-bioinformatics-chatbot\\frontend\\src\\Components\\responseBubble.jsx": {"path":"C:\\Users\\Keith Bunn\\Downloads\\project-003-bioinformatics-chatbot\\frontend\\src\\Components\\responseBubble.jsx","all":false,"statementMap":{"0":{"start":{"line":1,"column":0},"end":{"line":1,"column":3}},"3":{"start":{"line":4,"column":0},"end":{"line":4,"column":3}},"5":{"start":{"line":6,"column":0},"end":{"line":6,"column":35}},"7":{"start":{"line":8,"column":0},"end":{"line":8,"column":3}},"11":{"start":{"line":12,"column":0},"end":{"line":12,"column":3}},"13":{"start":{"line":14,"column":0},"end":{"line":14,"column":34}},"14":{"start":{"line":15,"column":0},"end":{"line":15,"column":28}},"15":{"start":{"line":16,"column":0},"end":{"line":16,"column":79}},"16":{"start":{"line":17,"column":0},"end":{"line":17,"column":2}},"18":{"start":{"line":19,"column":0},"end":{"line":19,"column":3}},"25":{"start":{"line":26,"column":0},"end":{"line":26,"column":3}},"27":{"start":{"line":28,"column":0},"end":{"line":28,"column":50}},"28":{"start":{"line":29,"column":0},"end":{"line":29,"column":9}},"29":{"start":{"line":30,"column":0},"end":{"line":30,"column":103}},"30":{"start":{"line":31,"column":0},"end":{"line":31,"column":9}},"33":{"start":{"line":34,"column":0},"end":{"line":34,"column":1}}},"s":{"0":1,"3":1,"5":1,"7":1,"11":1,"13":1,"14":1,"15":1,"16":1,"18":1,"25":1,"27":1,"28":10,"29":10,"30":10,"33":10},"branchMap":{"0":{"type":"branch","line":28,"loc":{"start":{"line":28,"column":15},"end":{"line":34,"column":1}},"locations":[{"start":{"line":28,"column":15},"end":{"line":34,"column":1}}]}},"b":{"0":[10]},"fnMap":{"0":{"name":"ResponseBubble","decl":{"start":{"line":28,"column":15},"end":{"line":34,"column":1}},"loc":{"start":{"line":28,"column":15},"end":{"line":34,"column":1}},"line":28}},"f":{"0":10}}
,"C:\\Users\\Keith Bunn\\Downloads\\project-003-bioinformatics-chatbot\\frontend\\src\\Components\\userBubble.jsx": {"path":"C:\\Users\\Keith Bunn\\Downloads\\project-003-bioinformatics-chatbot\\frontend\\src\\Components\\userBubble.jsx","all":false,"statementMap":{"1":{"start":{"line":2,"column":0},"end":{"line":2,"column":3}},"4":{"start":{"line":5,"column":0},"end":{"line":5,"column":3}},"6":{"start":{"line":7,"column":0},"end":{"line":7,"column":35}},"8":{"start":{"line":9,"column":0},"end":{"line":9,"column":3}},"13":{"start":{"line":14,"column":0},"end":{"line":14,"column":3}},"15":{"start":{"line":16,"column":0},"end":{"line":16,"column":34}},"16":{"start":{"line":17,"column":0},"end":{"line":17,"column":24}},"17":{"start":{"line":18,"column":0},"end":{"line":18,"column":79}},"18":{"start":{"line":19,"column":0},"end":{"line":19,"column":71}},"19":{"start":{"line":20,"column":0},"end":{"line":20,"column":2}},"21":{"start":{"line":22,"column":0},"end":{"line":22,"column":3}},"32":{"start":{"line":33,"column":0},"end":{"line":33,"column":3}},"34":{"start":{"line":35,"column":0},"end":{"line":35,"column":54}},"35":{"start":{"line":36,"column":0},"end":{"line":36,"column":9}},"36":{"start":{"line":37,"column":0},"end":{"line":37,"column":109}},"37":{"start":{"line":38,"column":0},"end":{"line":38,"column":73}},"38":{"start":{"line":39,"column":0},"end":{"line":39,"column":10}},"42":{"start":{"line":43,"column":0},"end":{"line":43,"column":10}},"43":{"start":{"line":44,"column":0},"end":{"line":44,"column":100}},"44":{"start":{"line":45,"column":0},"end":{"line":45,"column":20}},"45":{"start":{"line":46,"column":0},"end":{"line":46,"column":30}},"46":{"start":{"line":47,"column":0},"end":{"line":47,"column":4}},"51":{"start":{"line":52,"column":0},"end":{"line":52,"column":1}}},"s":{"1":1,"4":1,"6":1,"8":1,"13":1,"15":1,"16":1,"17":1,"18":1,"19":1,"21":1,"32":1,"34":1,"35":17,"36":17,"37":17,"38":17,"42":17,"43":17,"44":17,"45":17,"46":17,"51":17},"branchMap":{"0":{"type":"branch","line":35,"loc":{"start":{"line":35,"column":15},"end":{"line":52,"column":1}},"locations":[{"start":{"line":35,"column":15},"end":{"line":52,"column":1}}]}},"b":{"0":[17]},"fnMap":{"0":{"name":"UserBubble","decl":{"start":{"line":35,"column":15},"end":{"line":52,"column":1}},"loc":{"start":{"line":35,"column":15},"end":{"line":52,"column":1}},"line":35}},"f":{"0":17}}
,"C:\\Users\\Keith Bunn\\Downloads\\project-003-bioinformatics-chatbot\\frontend\\src\\Pages\\404.jsx": {"path":"C:\\Users\\Keith Bunn\\Downloads\\project-003-bioinformatics-chatbot\\frontend\\src\\Pages\\404.jsx","all":true,"statementMap":{"0":{"start":{"line":1,"column":0},"end":{"line":1,"column":0}},"1":{"start":{"line":2,"column":0},"end":{"line":2,"column":3}},"2":{"start":{"line":3,"column":0},"end":{"line":3,"column":14}},"3":{"start":{"line":4,"column":0},"end":{"line":4,"column":3}},"4":{"start":{"line":5,"column":0},"end":{"line":5,"column":0}},"5":{"start":{"line":6,"column":0},"end":{"line":6,"column":36}},"6":{"start":{"line":7,"column":0},"end":{"line":7,"column":0}},"7":{"start":{"line":8,"column":0},"end":{"line":8,"column":3}},"8":{"start":{"line":9,"column":0},"end":{"line":9,"column":73}},"9":{"start":{"line":10,"column":0},"end":{"line":10,"column":2}},"10":{"start":{"line":11,"column":0},"end":{"line":11,"column":92}},"11":{"start":{"line":12,"column":0},"end":{"line":12,"column":34}},"12":{"start":{"line":13,"column":0},"end":{"line":13,"column":2}},"13":{"start":{"line":14,"column":0},"end":{"line":14,"column":13}},"14":{"start":{"line":15,"column":0},"end":{"line":15,"column":48}},"15":{"start":{"line":16,"column":0},"end":{"line":16,"column":3}},"16":{"start":{"line":17,"column":0},"end":{"line":17,"column":40}},"17":{"start":{"line":18,"column":0},"end":{"line":18,"column":9}},"18":{"start":{"line":19,"column":0},"end":{"line":19,"column":8}},"19":{"start":{"line":20,"column":0},"end":{"line":20,"column":15}},"20":{"start":{"line":21,"column":0},"end":{"line":21,"column":28}},"21":{"start":{"line":22,"column":0},"end":{"line":22,"column":11}},"22":{"start":{"line":23,"column":0},"end":{"line":23,"column":31}},"23":{"start":{"line":24,"column":0},"end":{"line":24,"column":12}},"24":{"start":{"line":25,"column":0},"end":{"line":25,"column":9}},"25":{"start":{"line":26,"column":0},"end":{"line":26,"column":3}},"26":{"start":{"line":27,"column":0},"end":{"line":27,"column":1}}},"s":{"0":0,"1":0,"2":0,"3":0,"4":0,"5":0,"6":0,"7":0,"8":0,"9":0,"10":0,"11":0,"12":0,"13":0,"14":0,"15":0,"16":0,"17":0,"18":0,"19":0,"20":0,"21":0,"22":0,"23":0,"24":0,"25":0,"26":0},"branchMap":{"0":{"type":"branch","line":1,"loc":{"start":{"line":1,"column":0},"end":{"line":27,"column":1}},"locations":[{"start":{"line":1,"column":0},"end":{"line":27,"column":1}}]}},"b":{"0":[0]},"fnMap":{"0":{"name":"(empty-report)","decl":{"start":{"line":1,"column":0},"end":{"line":27,"column":1}},"loc":{"start":{"line":1,"column":0},"end":{"line":27,"column":1}},"line":1}},"f":{"0":0}}
,"C:\\Users\\Keith Bunn\\Downloads\\project-003-bioinformatics-chatbot\\frontend\\src\\Pages\\chat.jsx": {"path":"C:\\Users\\Keith Bunn\\Downloads\\project-003-bioinformatics-chatbot\\frontend\\src\\Pages\\chat.jsx","all":false,"statementMap":{"0":{"start":{"line":1,"column":0},"end":{"line":1,"column":52}},"1":{"start":{"line":2,"column":0},"end":{"line":2,"column":44}},"2":{"start":{"line":3,"column":0},"end":{"line":3,"column":50}},"3":{"start":{"line":4,"column":0},"end":{"line":4,"column":58}},"4":{"start":{"line":5,"column":0},"end":{"line":5,"column":46}},"5":{"start":{"line":6,"column":0},"end":{"line":6,"column":58}},"6":{"start":{"line":7,"column":0},"end":{"line":7,"column":26}},"7":{"start":{"line":8,"column":0},"end":{"line":8,"column":30}},"8":{"start":{"line":9,"column":0},"end":{"line":9,"column":74}},"9":{"start":{"line":10,"column":0},"end":{"line":10,"column":36}},"10":{"start":{"line":11,"column":0},"end":{"line":11,"column":3}},"15":{"start":{"line":16,"column":0},"end":{"line":16,"column":3}},"16":{"start":{"line":17,"column":0},"end":{"line":17,"column":17}},"18":{"start":{"line":19,"column":0},"end":{"line":19,"column":4}},"20":{"start":{"line":21,"column":0},"end":{"line":21,"column":4}},"21":{"start":{"line":22,"column":0},"end":{"line":22,"column":40}},"22":{"start":{"line":23,"column":0},"end":{"line":23,"column":3}},"24":{"start":{"line":25,"column":0},"end":{"line":25,"column":6}},"25":{"start":{"line":26,"column":0},"end":{"line":26,"column":47}},"27":{"start":{"line":28,"column":0},"end":{"line":28,"column":4}},"29":{"start":{"line":30,"column":0},"end":{"line":30,"column":4}},"30":{"start":{"line":31,"column":0},"end":{"line":31,"column":46}},"32":{"start":{"line":33,"column":0},"end":{"line":33,"column":4}},"34":{"start":{"line":35,"column":0},"end":{"line":35,"column":4}},"35":{"start":{"line":36,"column":0},"end":{"line":36,"column":37}},"37":{"start":{"line":38,"column":0},"end":{"line":38,"column":4}},"39":{"start":{"line":40,"column":0},"end":{"line":40,"column":4}},"40":{"start":{"line":41,"column":0},"end":{"line":41,"column":33}},"42":{"start":{"line":43,"column":0},"end":{"line":43,"column":4}},"44":{"start":{"line":45,"column":0},"end":{"line":45,"column":4}},"45":{"start":{"line":46,"column":0},"end":{"line":46,"column":37}},"46":{"start":{"line":47,"column":0},"end":{"line":47,"column":12}},"47":{"start":{"line":48,"column":0},"end":{"line":48,"column":11}},"48":{"start":{"line":49,"column":0},"end":{"line":49,"column":4}},"50":{"start":{"line":51,"column":0},"end":{"line":51,"column":4}},"52":{"start":{"line":53,"column":0},"end":{"line":53,"column":4}},"54":{"start":{"line":55,"column":0},"end":{"line":55,"column":57}},"57":{"start":{"line":58,"column":0},"end":{"line":58,"column":4}},"59":{"start":{"line":60,"column":0},"end":{"line":60,"column":4}},"61":{"start":{"line":62,"column":0},"end":{"line":62,"column":50}},"64":{"start":{"line":65,"column":0},"end":{"line":65,"column":4}},"66":{"start":{"line":67,"column":0},"end":{"line":67,"column":4}},"67":{"start":{"line":68,"column":0},"end":{"line":68,"column":18}},"68":{"start":{"line":69,"column":0},"end":{"line":69,"column":59}},"69":{"start":{"line":70,"column":0},"end":{"line":70,"column":22}},"70":{"start":{"line":71,"column":0},"end":{"line":71,"column":6}},"72":{"start":{"line":73,"column":0},"end":{"line":73,"column":6}},"73":{"start":{"line":74,"column":0},"end":{"line":74,"column":42}},"74":{"start":{"line":75,"column":0},"end":{"line":75,"column":3}},"75":{"start":{"line":76,"column":0},"end":{"line":76,"column":8}},"77":{"start":{"line":78,"column":0},"end":{"line":78,"column":4}},"82":{"start":{"line":83,"column":0},"end":{"line":83,"column":4}},"83":{"start":{"line":84,"column":0},"end":{"line":84,"column":33}},"84":{"start":{"line":85,"column":0},"end":{"line":85,"column":53}},"86":{"start":{"line":87,"column":0},"end":{"line":87,"column":5}},"88":{"start":{"line":89,"column":0},"end":{"line":89,"column":5}},"89":{"start":{"line":90,"column":0},"end":{"line":90,"column":27}},"90":{"start":{"line":91,"column":0},"end":{"line":91,"column":36}},"91":{"start":{"line":92,"column":0},"end":{"line":92,"column":3}},"92":{"start":{"line":93,"column":0},"end":{"line":93,"column":5}},"94":{"start":{"line":95,"column":0},"end":{"line":95,"column":5}},"95":{"start":{"line":96,"column":0},"end":{"line":96,"column":41}},"96":{"start":{"line":97,"column":0},"end":{"line":97,"column":37}},"97":{"start":{"line":98,"column":0},"end":{"line":98,"column":71}},"98":{"start":{"line":99,"column":0},"end":{"line":99,"column":11}},"99":{"start":{"line":100,"column":0},"end":{"line":100,"column":3}},"101":{"start":{"line":102,"column":0},"end":{"line":102,"column":4}},"104":{"start":{"line":105,"column":0},"end":{"line":105,"column":4}},"105":{"start":{"line":106,"column":0},"end":{"line":106,"column":32}},"106":{"start":{"line":107,"column":0},"end":{"line":107,"column":5}},"108":{"start":{"line":109,"column":0},"end":{"line":109,"column":5}},"109":{"start":{"line":110,"column":0},"end":{"line":110,"column":33}},"111":{"start":{"line":112,"column":0},"end":{"line":112,"column":5}},"113":{"start":{"line":114,"column":0},"end":{"line":114,"column":5}},"114":{"start":{"line":115,"column":0},"end":{"line":115,"column":22}},"115":{"start":{"line":116,"column":0},"end":{"line":116,"column":3}},"117":{"start":{"line":118,"column":0},"end":{"line":118,"column":4}},"119":{"start":{"line":120,"column":0},"end":{"line":120,"column":4}},"120":{"start":{"line":121,"column":0},"end":{"line":121,"column":27}},"121":{"start":{"line":122,"column":0},"end":{"line":122,"column":15}},"122":{"start":{"line":123,"column":0},"end":{"line":123,"column":21}},"123":{"start":{"line":124,"column":0},"end":{"line":124,"column":3}},"125":{"start":{"line":126,"column":0},"end":{"line":126,"column":4}},"128":{"start":{"line":129,"column":0},"end":{"line":129,"column":4}},"129":{"start":{"line":130,"column":0},"end":{"line":130,"column":36}},"130":{"start":{"line":131,"column":0},"end":{"line":131,"column":5}},"132":{"start":{"line":133,"column":0},"end":{"line":133,"column":5}},"133":{"start":{"line":134,"column":0},"end":{"line":134,"column":21}},"134":{"start":{"line":135,"column":0},"end":{"line":135,"column":22}},"135":{"start":{"line":136,"column":0},"end":{"line":136,"column":6}},"137":{"start":{"line":138,"column":0},"end":{"line":138,"column":6}},"138":{"start":{"line":139,"column":0},"end":{"line":139,"column":16}},"139":{"start":{"line":140,"column":0},"end":{"line":140,"column":25}},"140":{"start":{"line":141,"column":0},"end":{"line":141,"column":54}},"141":{"start":{"line":142,"column":0},"end":{"line":142,"column":6}},"142":{"start":{"line":143,"column":0},"end":{"line":143,"column":10}},"143":{"start":{"line":144,"column":0},"end":{"line":144,"column":3}},"145":{"start":{"line":146,"column":0},"end":{"line":146,"column":5}},"147":{"start":{"line":148,"column":0},"end":{"line":148,"column":5}},"148":{"start":{"line":149,"column":0},"end":{"line":149,"column":33}},"149":{"start":{"line":150,"column":0},"end":{"line":150,"column":27}},"150":{"start":{"line":151,"column":0},"end":{"line":151,"column":96}},"151":{"start":{"line":152,"column":0},"end":{"line":152,"column":50}},"152":{"start":{"line":153,"column":0},"end":{"line":153,"column":3}},"154":{"start":{"line":155,"column":0},"end":{"line":155,"column":5}},"156":{"start":{"line":157,"column":0},"end":{"line":157,"column":5}},"158":{"start":{"line":159,"column":0},"end":{"line":159,"column":23}},"159":{"start":{"line":160,"column":0},"end":{"line":160,"column":23}},"160":{"start":{"line":161,"column":0},"end":{"line":161,"column":15}},"161":{"start":{"line":162,"column":0},"end":{"line":162,"column":37}},"162":{"start":{"line":163,"column":0},"end":{"line":163,"column":20}},"163":{"start":{"line":164,"column":0},"end":{"line":164,"column":18}},"164":{"start":{"line":165,"column":0},"end":{"line":165,"column":4}},"166":{"start":{"line":167,"column":0},"end":{"line":167,"column":54}},"167":{"start":{"line":168,"column":0},"end":{"line":168,"column":31}},"169":{"start":{"line":170,"column":0},"end":{"line":170,"column":5}},"171":{"start":{"line":172,"column":0},"end":{"line":172,"column":5}},"172":{"start":{"line":173,"column":0},"end":{"line":173,"column":19}},"173":{"start":{"line":174,"column":0},"end":{"line":174,"column":7}},"174":{"start":{"line":175,"column":0},"end":{"line":175,"column":39}},"175":{"start":{"line":176,"column":0},"end":{"line":176,"column":19}},"176":{"start":{"line":177,"column":0},"end":{"line":177,"column":40}},"177":{"start":{"line":178,"column":0},"end":{"line":178,"column":5}},"178":{"start":{"line":179,"column":0},"end":{"line":179,"column":24}},"179":{"start":{"line":180,"column":0},"end":{"line":180,"column":25}},"180":{"start":{"line":181,"column":0},"end":{"line":181,"column":29}},"181":{"start":{"line":182,"column":0},"end":{"line":182,"column":34}},"182":{"start":{"line":183,"column":0},"end":{"line":183,"column":22}},"183":{"start":{"line":184,"column":0},"end":{"line":184,"column":23}},"184":{"start":{"line":185,"column":0},"end":{"line":185,"column":6}},"185":{"start":{"line":186,"column":0},"end":{"line":186,"column":66}},"186":{"start":{"line":187,"column":0},"end":{"line":187,"column":22}},"187":{"start":{"line":188,"column":0},"end":{"line":188,"column":5}},"188":{"start":{"line":189,"column":0},"end":{"line":189,"column":22}},"189":{"start":{"line":190,"column":0},"end":{"line":190,"column":61}},"190":{"start":{"line":191,"column":0},"end":{"line":191,"column":17}},"191":{"start":{"line":192,"column":0},"end":{"line":192,"column":28}},"192":{"start":{"line":193,"column":0},"end":{"line":193,"column":56}},"193":{"start":{"line":194,"column":0},"end":{"line":194,"column":7}},"194":{"start":{"line":195,"column":0},"end":{"line":195,"column":22}},"195":{"start":{"line":196,"column":0},"end":{"line":196,"column":6}},"196":{"start":{"line":197,"column":0},"end":{"line":197,"column":5}},"198":{"start":{"line":199,"column":0},"end":{"line":199,"column":5}},"199":{"start":{"line":200,"column":0},"end":{"line":200,"column":15}},"200":{"start":{"line":201,"column":0},"end":{"line":201,"column":3}},"202":{"start":{"line":203,"column":0},"end":{"line":203,"column":4}},"205":{"start":{"line":206,"column":0},"end":{"line":206,"column":4}},"207":{"start":{"line":208,"column":0},"end":{"line":208,"column":34}},"208":{"start":{"line":209,"column":0},"end":{"line":209,"column":29}},"209":{"start":{"line":210,"column":0},"end":{"line":210,"column":16}},"210":{"start":{"line":211,"column":0},"end":{"line":211,"column":32}},"211":{"start":{"line":212,"column":0},"end":{"line":212,"column":45}},"212":{"start":{"line":213,"column":0},"end":{"line":213,"column":6}},"213":{"start":{"line":214,"column":0},"end":{"line":214,"column":10}},"214":{"start":{"line":215,"column":0},"end":{"line":215,"column":6}},"217":{"start":{"line":218,"column":0},"end":{"line":218,"column":6}},"218":{"start":{"line":219,"column":0},"end":{"line":219,"column":40}},"219":{"start":{"line":220,"column":0},"end":{"line":220,"column":20}},"220":{"start":{"line":221,"column":0},"end":{"line":221,"column":81}},"222":{"start":{"line":223,"column":0},"end":{"line":223,"column":81}},"223":{"start":{"line":224,"column":0},"end":{"line":224,"column":13}},"225":{"start":{"line":226,"column":0},"end":{"line":226,"column":68}},"226":{"start":{"line":227,"column":0},"end":{"line":227,"column":6}},"227":{"start":{"line":228,"column":0},"end":{"line":228,"column":6}},"228":{"start":{"line":229,"column":0},"end":{"line":229,"column":6}},"230":{"start":{"line":231,"column":0},"end":{"line":231,"column":6}},"233":{"start":{"line":234,"column":0},"end":{"line":234,"column":6}},"234":{"start":{"line":235,"column":0},"end":{"line":235,"column":68}},"236":{"start":{"line":237,"column":0},"end":{"line":237,"column":6}},"239":{"start":{"line":240,"column":0},"end":{"line":240,"column":6}},"240":{"start":{"line":241,"column":0},"end":{"line":241,"column":47}},"242":{"start":{"line":243,"column":0},"end":{"line":243,"column":130}},"244":{"start":{"line":245,"column":0},"end":{"line":245,"column":60}},"246":{"start":{"line":247,"column":0},"end":{"line":247,"column":112}},"248":{"start":{"line":249,"column":0},"end":{"line":249,"column":58}},"249":{"start":{"line":250,"column":0},"end":{"line":250,"column":3}},"250":{"start":{"line":251,"column":0},"end":{"line":251,"column":3}},"252":{"start":{"line":253,"column":0},"end":{"line":253,"column":4}},"255":{"start":{"line":256,"column":0},"end":{"line":256,"column":4}},"257":{"start":{"line":258,"column":0},"end":{"line":258,"column":40}},"259":{"start":{"line":260,"column":0},"end":{"line":260,"column":29}},"260":{"start":{"line":261,"column":0},"end":{"line":261,"column":16}},"261":{"start":{"line":262,"column":0},"end":{"line":262,"column":32}},"262":{"start":{"line":263,"column":0},"end":{"line":263,"column":45}},"263":{"start":{"line":264,"column":0},"end":{"line":264,"column":6}},"264":{"start":{"line":265,"column":0},"end":{"line":265,"column":10}},"265":{"start":{"line":266,"column":0},"end":{"line":266,"column":6}},"268":{"start":{"line":269,"column":0},"end":{"line":269,"column":6}},"269":{"start":{"line":270,"column":0},"end":{"line":270,"column":40}},"270":{"start":{"line":271,"column":0},"end":{"line":271,"column":20}},"271":{"start":{"line":272,"column":0},"end":{"line":272,"column":81}},"272":{"start":{"line":273,"column":0},"end":{"line":273,"column":9}},"273":{"start":{"line":274,"column":0},"end":{"line":274,"column":83}},"274":{"start":{"line":275,"column":0},"end":{"line":275,"column":13}},"276":{"start":{"line":277,"column":0},"end":{"line":277,"column":68}},"277":{"start":{"line":278,"column":0},"end":{"line":278,"column":6}},"278":{"start":{"line":279,"column":0},"end":{"line":279,"column":6}},"279":{"start":{"line":280,"column":0},"end":{"line":280,"column":6}},"283":{"start":{"line":284,"column":0},"end":{"line":284,"column":6}},"286":{"start":{"line":287,"column":0},"end":{"line":287,"column":6}},"287":{"start":{"line":288,"column":0},"end":{"line":288,"column":44}},"289":{"start":{"line":290,"column":0},"end":{"line":290,"column":6}},"292":{"start":{"line":293,"column":0},"end":{"line":293,"column":6}},"293":{"start":{"line":294,"column":0},"end":{"line":294,"column":29}},"294":{"start":{"line":295,"column":0},"end":{"line":295,"column":15}},"295":{"start":{"line":296,"column":0},"end":{"line":296,"column":6}},"296":{"start":{"line":297,"column":0},"end":{"line":297,"column":26}},"297":{"start":{"line":298,"column":0},"end":{"line":298,"column":16}},"298":{"start":{"line":299,"column":0},"end":{"line":299,"column":11}},"301":{"start":{"line":302,"column":0},"end":{"line":302,"column":11}},"302":{"start":{"line":303,"column":0},"end":{"line":303,"column":23}},"303":{"start":{"line":304,"column":0},"end":{"line":304,"column":39}},"304":{"start":{"line":305,"column":0},"end":{"line":305,"column":19}},"305":{"start":{"line":306,"column":0},"end":{"line":306,"column":54}},"306":{"start":{"line":307,"column":0},"end":{"line":307,"column":11}},"307":{"start":{"line":308,"column":0},"end":{"line":308,"column":10}},"309":{"start":{"line":310,"column":0},"end":{"line":310,"column":7}},"311":{"start":{"line":312,"column":0},"end":{"line":312,"column":6}},"313":{"start":{"line":314,"column":0},"end":{"line":314,"column":6}},"315":{"start":{"line":316,"column":0},"end":{"line":316,"column":6}},"316":{"start":{"line":317,"column":0},"end":{"line":317,"column":38}},"317":{"start":{"line":318,"column":0},"end":{"line":318,"column":37}},"318":{"start":{"line":319,"column":0},"end":{"line":319,"column":6}},"319":{"start":{"line":320,"column":0},"end":{"line":320,"column":3}},"320":{"start":{"line":321,"column":0},"end":{"line":321,"column":3}},"322":{"start":{"line":323,"column":0},"end":{"line":323,"column":4}},"325":{"start":{"line":326,"column":0},"end":{"line":326,"column":4}},"327":{"start":{"line":328,"column":0},"end":{"line":328,"column":34}},"328":{"start":{"line":329,"column":0},"end":{"line":329,"column":29}},"329":{"start":{"line":330,"column":0},"end":{"line":330,"column":16}},"330":{"start":{"line":331,"column":0},"end":{"line":331,"column":32}},"331":{"start":{"line":332,"column":0},"end":{"line":332,"column":45}},"332":{"start":{"line":333,"column":0},"end":{"line":333,"column":6}},"333":{"start":{"line":334,"column":0},"end":{"line":334,"column":10}},"334":{"start":{"line":335,"column":0},"end":{"line":335,"column":6}},"337":{"start":{"line":338,"column":0},"end":{"line":338,"column":6}},"339":{"start":{"line":340,"column":0},"end":{"line":340,"column":56}},"340":{"start":{"line":341,"column":0},"end":{"line":341,"column":80}},"341":{"start":{"line":342,"column":0},"end":{"line":342,"column":80}},"342":{"start":{"line":343,"column":0},"end":{"line":343,"column":12}},"343":{"start":{"line":344,"column":0},"end":{"line":344,"column":67}},"344":{"start":{"line":345,"column":0},"end":{"line":345,"column":5}},"345":{"start":{"line":346,"column":0},"end":{"line":346,"column":10}},"348":{"start":{"line":349,"column":0},"end":{"line":349,"column":6}},"351":{"start":{"line":352,"column":0},"end":{"line":352,"column":6}},"352":{"start":{"line":353,"column":0},"end":{"line":353,"column":27}},"354":{"start":{"line":355,"column":0},"end":{"line":355,"column":23}},"355":{"start":{"line":356,"column":0},"end":{"line":356,"column":26}},"356":{"start":{"line":357,"column":0},"end":{"line":357,"column":25}},"357":{"start":{"line":358,"column":0},"end":{"line":358,"column":24}},"358":{"start":{"line":359,"column":0},"end":{"line":359,"column":56}},"359":{"start":{"line":360,"column":0},"end":{"line":360,"column":24}},"360":{"start":{"line":361,"column":0},"end":{"line":361,"column":25}},"362":{"start":{"line":363,"column":0},"end":{"line":363,"column":57}},"363":{"start":{"line":364,"column":0},"end":{"line":364,"column":65}},"365":{"start":{"line":366,"column":0},"end":{"line":366,"column":28}},"366":{"start":{"line":367,"column":0},"end":{"line":367,"column":84}},"367":{"start":{"line":368,"column":0},"end":{"line":368,"column":32}},"368":{"start":{"line":369,"column":0},"end":{"line":369,"column":46}},"369":{"start":{"line":370,"column":0},"end":{"line":370,"column":19}},"370":{"start":{"line":371,"column":0},"end":{"line":371,"column":26}},"371":{"start":{"line":372,"column":0},"end":{"line":372,"column":5}},"372":{"start":{"line":373,"column":0},"end":{"line":373,"column":41}},"373":{"start":{"line":374,"column":0},"end":{"line":374,"column":55}},"374":{"start":{"line":375,"column":0},"end":{"line":375,"column":6}},"376":{"start":{"line":377,"column":0},"end":{"line":377,"column":6}},"378":{"start":{"line":379,"column":0},"end":{"line":379,"column":6}},"379":{"start":{"line":380,"column":0},"end":{"line":380,"column":31}},"380":{"start":{"line":381,"column":0},"end":{"line":381,"column":3}},"381":{"start":{"line":382,"column":0},"end":{"line":382,"column":3}},"384":{"start":{"line":385,"column":0},"end":{"line":385,"column":4}},"386":{"start":{"line":387,"column":0},"end":{"line":387,"column":4}},"387":{"start":{"line":388,"column":0},"end":{"line":388,"column":18}},"388":{"start":{"line":389,"column":0},"end":{"line":389,"column":28}},"389":{"start":{"line":390,"column":0},"end":{"line":390,"column":64}},"390":{"start":{"line":391,"column":0},"end":{"line":391,"column":3}},"391":{"start":{"line":392,"column":0},"end":{"line":392,"column":65}},"392":{"start":{"line":393,"column":0},"end":{"line":393,"column":16}},"394":{"start":{"line":395,"column":0},"end":{"line":395,"column":9}},"395":{"start":{"line":396,"column":0},"end":{"line":396,"column":49}},"397":{"start":{"line":398,"column":0},"end":{"line":398,"column":20}},"398":{"start":{"line":399,"column":0},"end":{"line":399,"column":74}},"401":{"start":{"line":402,"column":0},"end":{"line":402,"column":8}},"402":{"start":{"line":403,"column":0},"end":{"line":403,"column":58}},"403":{"start":{"line":404,"column":0},"end":{"line":404,"column":53}},"408":{"start":{"line":409,"column":0},"end":{"line":409,"column":172}},"410":{"start":{"line":411,"column":0},"end":{"line":411,"column":33}},"411":{"start":{"line":412,"column":0},"end":{"line":412,"column":32}},"412":{"start":{"line":413,"column":0},"end":{"line":413,"column":17}},"413":{"start":{"line":414,"column":0},"end":{"line":414,"column":19}},"414":{"start":{"line":415,"column":0},"end":{"line":415,"column":22}},"415":{"start":{"line":416,"column":0},"end":{"line":416,"column":39}},"418":{"start":{"line":419,"column":0},"end":{"line":419,"column":53}},"422":{"start":{"line":423,"column":0},"end":{"line":423,"column":32}},"425":{"start":{"line":426,"column":0},"end":{"line":426,"column":34}},"431":{"start":{"line":432,"column":0},"end":{"line":432,"column":83}},"432":{"start":{"line":433,"column":0},"end":{"line":433,"column":28}},"433":{"start":{"line":434,"column":0},"end":{"line":434,"column":12}},"434":{"start":{"line":435,"column":0},"end":{"line":435,"column":48}},"435":{"start":{"line":436,"column":0},"end":{"line":436,"column":26}},"436":{"start":{"line":437,"column":0},"end":{"line":437,"column":25}},"437":{"start":{"line":438,"column":0},"end":{"line":438,"column":6}},"441":{"start":{"line":442,"column":0},"end":{"line":442,"column":12}},"442":{"start":{"line":443,"column":0},"end":{"line":443,"column":18}},"443":{"start":{"line":444,"column":0},"end":{"line":444,"column":24}},"444":{"start":{"line":445,"column":0},"end":{"line":445,"column":32}},"445":{"start":{"line":446,"column":0},"end":{"line":446,"column":24}},"447":{"start":{"line":448,"column":0},"end":{"line":448,"column":11}},"448":{"start":{"line":449,"column":0},"end":{"line":449,"column":33}},"449":{"start":{"line":450,"column":0},"end":{"line":450,"column":42}},"450":{"start":{"line":451,"column":0},"end":{"line":451,"column":102}},"451":{"start":{"line":452,"column":0},"end":{"line":452,"column":9}},"452":{"start":{"line":453,"column":0},"end":{"line":453,"column":36}},"453":{"start":{"line":454,"column":0},"end":{"line":454,"column":25}},"454":{"start":{"line":455,"column":0},"end":{"line":455,"column":25}},"459":{"start":{"line":460,"column":0},"end":{"line":460,"column":21}},"460":{"start":{"line":461,"column":0},"end":{"line":461,"column":53}},"461":{"start":{"line":462,"column":0},"end":{"line":462,"column":76}},"462":{"start":{"line":463,"column":0},"end":{"line":463,"column":80}},"463":{"start":{"line":464,"column":0},"end":{"line":464,"column":13}},"464":{"start":{"line":465,"column":0},"end":{"line":465,"column":38}},"465":{"start":{"line":466,"column":0},"end":{"line":466,"column":34}},"466":{"start":{"line":467,"column":0},"end":{"line":467,"column":81}},"467":{"start":{"line":468,"column":0},"end":{"line":468,"column":7}},"470":{"start":{"line":471,"column":0},"end":{"line":471,"column":13}},"471":{"start":{"line":472,"column":0},"end":{"line":472,"column":38}},"472":{"start":{"line":473,"column":0},"end":{"line":473,"column":34}},"473":{"start":{"line":474,"column":0},"end":{"line":474,"column":81}},"474":{"start":{"line":475,"column":0},"end":{"line":475,"column":7}},"477":{"start":{"line":478,"column":0},"end":{"line":478,"column":13}},"478":{"start":{"line":479,"column":0},"end":{"line":479,"column":38}},"479":{"start":{"line":480,"column":0},"end":{"line":480,"column":34}},"480":{"start":{"line":481,"column":0},"end":{"line":481,"column":81}},"481":{"start":{"line":482,"column":0},"end":{"line":482,"column":7}},"484":{"start":{"line":485,"column":0},"end":{"line":485,"column":13}},"485":{"start":{"line":486,"column":0},"end":{"line":486,"column":45}},"486":{"start":{"line":487,"column":0},"end":{"line":487,"column":79}},"487":{"start":{"line":488,"column":0},"end":{"line":488,"column":7}},"497":{"start":{"line":498,"column":0},"end":{"line":498,"column":1}},"499":{"start":{"line":500,"column":0},"end":{"line":500,"column":20}}},"s":{"0":1,"1":1,"2":1,"3":1,"4":1,"5":1,"6":1,"7":1,"8":1,"9":1,"10":1,"15":1,"16":45,"18":45,"20":45,"21":45,"22":45,"24":45,"25":45,"27":45,"29":45,"30":45,"32":45,"34":45,"35":45,"37":45,"39":45,"40":45,"42":45,"44":45,"45":45,"46":45,"47":45,"48":45,"50":45,"52":45,"54":45,"57":45,"59":45,"61":45,"64":45,"66":45,"67":45,"68":14,"69":14,"70":1,"72":1,"73":1,"74":1,"75":45,"77":45,"82":45,"83":45,"84":5,"86":5,"88":5,"89":5,"90":0,"91":0,"92":5,"94":5,"95":5,"96":1,"97":1,"98":5,"99":5,"101":45,"104":45,"105":45,"106":0,"108":0,"109":0,"111":0,"113":0,"114":0,"115":0,"117":45,"119":45,"120":45,"121":0,"122":0,"123":0,"125":45,"128":45,"129":45,"130":8,"132":8,"133":8,"134":8,"135":2,"137":2,"138":2,"139":2,"140":2,"141":2,"142":2,"143":2,"145":6,"147":6,"148":6,"149":8,"150":0,"151":0,"152":0,"154":6,"156":6,"158":6,"159":6,"160":6,"161":6,"162":6,"163":6,"164":6,"166":6,"167":6,"169":6,"171":6,"172":6,"173":6,"174":6,"175":6,"176":6,"177":6,"178":6,"179":6,"180":6,"181":6,"182":6,"183":6,"184":6,"185":6,"186":6,"187":6,"188":6,"189":0,"190":0,"191":0,"192":0,"193":0,"194":0,"195":0,"196":6,"198":6,"199":6,"200":6,"202":45,"205":45,"207":45,"208":2,"209":1,"210":1,"211":1,"212":1,"213":1,"214":1,"217":1,"218":1,"219":1,"220":2,"222":1,"223":1,"225":1,"226":1,"227":2,"228":1,"230":1,"233":1,"234":1,"236":1,"239":1,"240":1,"242":1,"244":1,"246":1,"248":1,"249":1,"250":2,"252":45,"255":45,"257":45,"259":2,"260":1,"261":1,"262":1,"263":1,"264":1,"265":1,"268":1,"269":1,"270":1,"271":2,"272":1,"273":1,"274":1,"276":1,"277":1,"278":2,"279":1,"283":1,"286":1,"287":1,"289":1,"292":1,"293":1,"294":1,"295":1,"296":1,"297":1,"298":5,"301":5,"302":5,"303":5,"304":5,"305":5,"306":5,"307":5,"309":1,"311":1,"313":1,"315":1,"316":1,"317":1,"318":1,"319":1,"320":2,"322":45,"325":45,"327":45,"328":2,"329":1,"330":1,"331":1,"332":1,"333":1,"334":1,"337":1,"339":1,"340":2,"341":1,"342":1,"343":1,"344":1,"345":1,"348":1,"351":1,"352":1,"354":1,"355":1,"356":1,"357":1,"358":1,"359":1,"360":1,"362":1,"363":1,"365":1,"366":1,"367":1,"368":8,"369":0,"370":0,"371":0,"372":8,"373":8,"374":8,"376":1,"378":1,"379":1,"380":1,"381":2,"384":45,"386":45,"387":45,"388":26,"389":12,"390":12,"391":26,"392":45,"394":45,"395":45,"397":45,"398":45,"401":45,"402":45,"403":45,"408":45,"410":45,"411":45,"412":15,"413":15,"414":15,"415":15,"418":45,"422":45,"425":45,"431":45,"432":45,"433":45,"434":45,"435":45,"436":45,"437":45,"441":45,"442":45,"443":45,"444":45,"445":45,"447":45,"448":45,"449":45,"450":45,"451":45,"452":45,"453":45,"454":45,"459":45,"460":45,"461":45,"462":45,"463":45,"464":45,"465":45,"466":45,"467":45,"470":45,"471":45,"472":45,"473":45,"474":45,"477":45,"478":45,"479":45,"480":45,"481":45,"484":45,"485":45,"486":45,"487":45,"497":45,"499":1},"branchMap":{"0":{"type":"branch","line":17,"loc":{"start":{"line":17,"column":0},"end":{"line":498,"column":1}},"locations":[{"start":{"line":17,"column":0},"end":{"line":498,"column":1}}]},"1":{"type":"branch","line":68,"loc":{"start":{"line":68,"column":11},"end":{"line":76,"column":4}},"locations":[{"start":{"line":68,"column":11},"end":{"line":76,"column":4}}]},"2":{"type":"branch","line":70,"loc":{"start":{"line":70,"column":21},"end":{"line":75,"column":3}},"locations":[{"start":{"line":70,"column":21},"end":{"line":75,"column":3}}]},"3":{"type":"branch","line":84,"loc":{"start":{"line":84,"column":21},"end":{"line":100,"column":3}},"locations":[{"start":{"line":84,"column":21},"end":{"line":100,"column":3}}]},"4":{"type":"branch","line":90,"loc":{"start":{"line":90,"column":26},"end":{"line":92,"column":3}},"locations":[{"start":{"line":90,"column":26},"end":{"line":92,"column":3}}]},"5":{"type":"branch","line":96,"loc":{"start":{"line":96,"column":34},"end":{"line":99,"column":5}},"locations":[{"start":{"line":96,"column":34},"end":{"line":99,"column":5}}]},"6":{"type":"branch","line":130,"loc":{"start":{"line":130,"column":22},"end":{"line":201,"column":3}},"locations":[{"start":{"line":130,"column":22},"end":{"line":201,"column":3}}]},"7":{"type":"branch","line":135,"loc":{"start":{"line":135,"column":21},"end":{"line":144,"column":3}},"locations":[{"start":{"line":135,"column":21},"end":{"line":144,"column":3}}]},"8":{"type":"branch","line":144,"loc":{"start":{"line":144,"column":2},"end":{"line":150,"column":26}},"locations":[{"start":{"line":144,"column":2},"end":{"line":150,"column":26}}]},"9":{"type":"branch","line":150,"loc":{"start":{"line":150,"column":26},"end":{"line":153,"column":3}},"locations":[{"start":{"line":150,"column":26},"end":{"line":153,"column":3}}]},"10":{"type":"branch","line":153,"loc":{"start":{"line":153,"column":2},"end":{"line":201,"column":3}},"locations":[{"start":{"line":153,"column":2},"end":{"line":201,"column":3}}]},"11":{"type":"branch","line":179,"loc":{"start":{"line":179,"column":9},"end":{"line":188,"column":5}},"locations":[{"start":{"line":179,"column":9},"end":{"line":188,"column":5}}]},"12":{"type":"branch","line":186,"loc":{"start":{"line":186,"column":16},"end":{"line":186,"column":66}},"locations":[{"start":{"line":186,"column":16},"end":{"line":186,"column":66}}]},"13":{"type":"branch","line":208,"loc":{"start":{"line":208,"column":27},"end":{"line":251,"column":3}},"locations":[{"start":{"line":208,"column":27},"end":{"line":251,"column":3}}]},"14":{"type":"branch","line":209,"loc":{"start":{"line":209,"column":28},"end":{"line":250,"column":3}},"locations":[{"start":{"line":209,"column":28},"end":{"line":250,"column":3}}]},"15":{"type":"branch","line":220,"loc":{"start":{"line":220,"column":4},"end":{"line":228,"column":6}},"locations":[{"start":{"line":220,"column":4},"end":{"line":228,"column":6}}]},"16":{"type":"branch","line":221,"loc":{"start":{"line":221,"column":35},"end":{"line":227,"column":6}},"locations":[{"start":{"line":221,"column":35},"end":{"line":227,"column":6}}]},"17":{"type":"branch","line":258,"loc":{"start":{"line":258,"column":27},"end":{"line":321,"column":3}},"locations":[{"start":{"line":258,"column":27},"end":{"line":321,"column":3}}]},"18":{"type":"branch","line":260,"loc":{"start":{"line":260,"column":28},"end":{"line":320,"column":3}},"locations":[{"start":{"line":260,"column":28},"end":{"line":320,"column":3}}]},"19":{"type":"branch","line":271,"loc":{"start":{"line":271,"column":4},"end":{"line":279,"column":6}},"locations":[{"start":{"line":271,"column":4},"end":{"line":279,"column":6}}]},"20":{"type":"branch","line":272,"loc":{"start":{"line":272,"column":35},"end":{"line":278,"column":6}},"locations":[{"start":{"line":272,"column":35},"end":{"line":278,"column":6}}]},"21":{"type":"branch","line":298,"loc":{"start":{"line":298,"column":7},"end":{"line":308,"column":10}},"locations":[{"start":{"line":298,"column":7},"end":{"line":308,"column":10}}]},"22":{"type":"branch","line":317,"loc":{"start":{"line":317,"column":27},"end":{"line":319,"column":6}},"locations":[{"start":{"line":317,"column":27},"end":{"line":319,"column":6}}]},"23":{"type":"branch","line":328,"loc":{"start":{"line":328,"column":27},"end":{"line":382,"column":3}},"locations":[{"start":{"line":328,"column":27},"end":{"line":382,"column":3}}]},"24":{"type":"branch","line":329,"loc":{"start":{"line":329,"column":28},"end":{"line":381,"column":3}},"locations":[{"start":{"line":329,"column":28},"end":{"line":381,"column":3}}]},"25":{"type":"branch","line":340,"loc":{"start":{"line":340,"column":40},"end":{"line":346,"column":6}},"locations":[{"start":{"line":340,"column":40},"end":{"line":346,"column":6}}]},"26":{"type":"branch","line":341,"loc":{"start":{"line":341,"column":34},"end":{"line":345,"column":5}},"locations":[{"start":{"line":341,"column":34},"end":{"line":345,"column":5}}]},"27":{"type":"branch","line":368,"loc":{"start":{"line":368,"column":21},"end":{"line":375,"column":6}},"locations":[{"start":{"line":368,"column":21},"end":{"line":375,"column":6}}]},"28":{"type":"branch","line":369,"loc":{"start":{"line":369,"column":45},"end":{"line":372,"column":5}},"locations":[{"start":{"line":369,"column":45},"end":{"line":372,"column":5}}]},"29":{"type":"branch","line":388,"loc":{"start":{"line":388,"column":11},"end":{"line":393,"column":4}},"locations":[{"start":{"line":388,"column":11},"end":{"line":393,"column":4}}]},"30":{"type":"branch","line":389,"loc":{"start":{"line":389,"column":27},"end":{"line":391,"column":3}},"locations":[{"start":{"line":389,"column":27},"end":{"line":391,"column":3}}]},"31":{"type":"branch","line":412,"loc":{"start":{"line":412,"column":18},"end":{"line":419,"column":7}},"locations":[{"start":{"line":412,"column":18},"end":{"line":419,"column":7}}]},"32":{"type":"branch","line":450,"loc":{"start":{"line":450,"column":14},"end":{"line":450,"column":42}},"locations":[{"start":{"line":450,"column":14},"end":{"line":450,"column":42}}]}},"b":{"0":[45],"1":[14],"2":[1],"3":[5],"4":[0],"5":[1],"6":[8],"7":[2],"8":[6],"9":[0],"10":[6],"11":[6],"12":[5],"13":[2],"14":[1],"15":[2],"16":[1],"17":[2],"18":[1],"19":[2],"20":[1],"21":[5],"22":[1],"23":[2],"24":[1],"25":[2],"26":[1],"27":[8],"28":[0],"29":[26],"30":[12],"31":[15],"32":[6]},"fnMap":{"0":{"name":"Chat","decl":{"start":{"line":17,"column":0},"end":{"line":498,"column":1}},"loc":{"start":{"line":17,"column":0},"end":{"line":498,"column":1}},"line":17},"1":{"name":"handleError","decl":{"start":{"line":84,"column":21},"end":{"line":100,"column":3}},"loc":{"start":{"line":84,"column":21},"end":{"line":100,"column":3}},"line":84},"2":{"name":"handleEdit","decl":{"start":{"line":106,"column":20},"end":{"line":116,"column":3}},"loc":{"start":{"line":106,"column":20},"end":{"line":116,"column":3}},"line":106},"3":{"name":"cancelEdit","decl":{"start":{"line":121,"column":20},"end":{"line":124,"column":3}},"loc":{"start":{"line":121,"column":20},"end":{"line":124,"column":3}},"line":121},"4":{"name":"handleSubmit","decl":{"start":{"line":130,"column":22},"end":{"line":201,"column":3}},"loc":{"start":{"line":130,"column":22},"end":{"line":201,"column":3}},"line":130},"5":{"name":"handleDownloadtxt","decl":{"start":{"line":208,"column":27},"end":{"line":251,"column":3}},"loc":{"start":{"line":208,"column":27},"end":{"line":251,"column":3}},"line":208},"6":{"name":"handleDownloaddoc","decl":{"start":{"line":258,"column":27},"end":{"line":321,"column":3}},"loc":{"start":{"line":258,"column":27},"end":{"line":321,"column":3}},"line":258},"7":{"name":"handleDownloadpdf","decl":{"start":{"line":328,"column":27},"end":{"line":382,"column":3}},"loc":{"start":{"line":328,"column":27},"end":{"line":382,"column":3}},"line":328},"8":{"name":"onEdit","decl":{"start":{"line":416,"column":15},"end":{"line":416,"column":39}},"loc":{"start":{"line":416,"column":15},"end":{"line":416,"column":39}},"line":416},"9":{"name":"onClick","decl":{"start":{"line":450,"column":14},"end":{"line":450,"column":42}},"loc":{"start":{"line":450,"column":14},"end":{"line":450,"column":42}},"line":450},"10":{"name":"onClick","decl":{"start":{"line":486,"column":16},"end":{"line":486,"column":45}},"loc":{"start":{"line":486,"column":16},"end":{"line":486,"column":45}},"line":486}},"f":{"0":45,"1":5,"2":0,"3":0,"4":8,"5":2,"6":2,"7":2,"8":0,"9":6,"10":0}}
,"C:\\Users\\Keith Bunn\\Downloads\\project-003-bioinformatics-chatbot\\frontend\\src\\api\\api.js": {"path":"C:\\Users\\Keith Bunn\\Downloads\\project-003-bioinformatics-chatbot\\frontend\\src\\api\\api.js","all":true,"statementMap":{"0":{"start":{"line":1,"column":0},"end":{"line":1,"column":26}},"1":{"start":{"line":2,"column":0},"end":{"line":2,"column":0}},"2":{"start":{"line":3,"column":0},"end":{"line":3,"column":29}},"3":{"start":{"line":4,"column":0},"end":{"line":4,"column":34}},"4":{"start":{"line":5,"column":0},"end":{"line":5,"column":3}}},"s":{"0":0,"1":0,"2":0,"3":0,"4":0},"branchMap":{"0":{"type":"branch","line":1,"loc":{"start":{"line":1,"column":0},"end":{"line":5,"column":3}},"locations":[{"start":{"line":1,"column":0},"end":{"line":5,"column":3}}]}},"b":{"0":[0]},"fnMap":{"0":{"name":"(empty-report)","decl":{"start":{"line":1,"column":0},"end":{"line":5,"column":3}},"loc":{"start":{"line":1,"column":0},"end":{"line":5,"column":3}},"line":1}},"f":{"0":0}}
}
