{"/app/src/App.jsx": {"path":"/app/src/App.jsx","all":false,"statementMap":{"0":{"start":{"line":1,"column":0},"end":{"line":1,"column":52}},"1":{"start":{"line":2,"column":0},"end":{"line":2,"column":43}},"2":{"start":{"line":3,"column":0},"end":{"line":3,"column":49}},"3":{"start":{"line":4,"column":0},"end":{"line":4,"column":57}},"4":{"start":{"line":5,"column":0},"end":{"line":5,"column":45}},"5":{"start":{"line":6,"column":0},"end":{"line":6,"column":28}},"6":{"start":{"line":7,"column":0},"end":{"line":7,"column":26}},"7":{"start":{"line":8,"column":0},"end":{"line":8,"column":30}},"8":{"start":{"line":9,"column":0},"end":{"line":9,"column":60}},"9":{"start":{"line":10,"column":0},"end":{"line":10,"column":36}},"10":{"start":{"line":11,"column":0},"end":{"line":11,"column":3}},"15":{"start":{"line":16,"column":0},"end":{"line":16,"column":3}},"16":{"start":{"line":17,"column":0},"end":{"line":17,"column":16}},"17":{"start":{"line":18,"column":0},"end":{"line":18,"column":4}},"19":{"start":{"line":20,"column":0},"end":{"line":20,"column":4}},"20":{"start":{"line":21,"column":0},"end":{"line":21,"column":40}},"21":{"start":{"line":22,"column":0},"end":{"line":22,"column":3}},"23":{"start":{"line":24,"column":0},"end":{"line":24,"column":6}},"24":{"start":{"line":25,"column":0},"end":{"line":25,"column":47}},"26":{"start":{"line":27,"column":0},"end":{"line":27,"column":4}},"28":{"start":{"line":29,"column":0},"end":{"line":29,"column":4}},"29":{"start":{"line":30,"column":0},"end":{"line":30,"column":46}},"31":{"start":{"line":32,"column":0},"end":{"line":32,"column":4}},"33":{"start":{"line":34,"column":0},"end":{"line":34,"column":4}},"34":{"start":{"line":35,"column":0},"end":{"line":35,"column":37}},"36":{"start":{"line":37,"column":0},"end":{"line":37,"column":4}},"38":{"start":{"line":39,"column":0},"end":{"line":39,"column":4}},"39":{"start":{"line":40,"column":0},"end":{"line":40,"column":33}},"41":{"start":{"line":42,"column":0},"end":{"line":42,"column":4}},"43":{"start":{"line":44,"column":0},"end":{"line":44,"column":4}},"44":{"start":{"line":45,"column":0},"end":{"line":45,"column":37}},"45":{"start":{"line":46,"column":0},"end":{"line":46,"column":12}},"46":{"start":{"line":47,"column":0},"end":{"line":47,"column":11}},"47":{"start":{"line":48,"column":0},"end":{"line":48,"column":4}},"49":{"start":{"line":50,"column":0},"end":{"line":50,"column":50}},"51":{"start":{"line":52,"column":0},"end":{"line":52,"column":60}},"53":{"start":{"line":54,"column":0},"end":{"line":54,"column":4}},"55":{"start":{"line":56,"column":0},"end":{"line":56,"column":4}},"56":{"start":{"line":57,"column":0},"end":{"line":57,"column":18}},"57":{"start":{"line":58,"column":0},"end":{"line":58,"column":59}},"58":{"start":{"line":59,"column":0},"end":{"line":59,"column":22}},"59":{"start":{"line":60,"column":0},"end":{"line":60,"column":6}},"61":{"start":{"line":62,"column":0},"end":{"line":62,"column":6}},"62":{"start":{"line":63,"column":0},"end":{"line":63,"column":42}},"63":{"start":{"line":64,"column":0},"end":{"line":64,"column":3}},"64":{"start":{"line":65,"column":0},"end":{"line":65,"column":34}},"65":{"start":{"line":66,"column":0},"end":{"line":66,"column":51}},"66":{"start":{"line":67,"column":0},"end":{"line":67,"column":52}},"67":{"start":{"line":68,"column":0},"end":{"line":68,"column":25}},"68":{"start":{"line":69,"column":0},"end":{"line":69,"column":4}},"69":{"start":{"line":70,"column":0},"end":{"line":70,"column":56}},"70":{"start":{"line":71,"column":0},"end":{"line":71,"column":72}},"71":{"start":{"line":72,"column":0},"end":{"line":72,"column":8}},"73":{"start":{"line":74,"column":0},"end":{"line":74,"column":35}},"74":{"start":{"line":75,"column":0},"end":{"line":75,"column":50}},"78":{"start":{"line":79,"column":0},"end":{"line":79,"column":7}},"79":{"start":{"line":80,"column":0},"end":{"line":80,"column":4}},"86":{"start":{"line":87,"column":0},"end":{"line":87,"column":4}},"87":{"start":{"line":88,"column":0},"end":{"line":88,"column":33}},"88":{"start":{"line":89,"column":0},"end":{"line":89,"column":53}},"90":{"start":{"line":91,"column":0},"end":{"line":91,"column":5}},"92":{"start":{"line":93,"column":0},"end":{"line":93,"column":5}},"93":{"start":{"line":94,"column":0},"end":{"line":94,"column":27}},"94":{"start":{"line":95,"column":0},"end":{"line":95,"column":36}},"95":{"start":{"line":96,"column":0},"end":{"line":96,"column":3}},"96":{"start":{"line":97,"column":0},"end":{"line":97,"column":5}},"98":{"start":{"line":99,"column":0},"end":{"line":99,"column":5}},"99":{"start":{"line":100,"column":0},"end":{"line":100,"column":41}},"100":{"start":{"line":101,"column":0},"end":{"line":101,"column":37}},"101":{"start":{"line":102,"column":0},"end":{"line":102,"column":71}},"102":{"start":{"line":103,"column":0},"end":{"line":103,"column":11}},"103":{"start":{"line":104,"column":0},"end":{"line":104,"column":3}},"105":{"start":{"line":106,"column":0},"end":{"line":106,"column":4}},"108":{"start":{"line":109,"column":0},"end":{"line":109,"column":4}},"109":{"start":{"line":110,"column":0},"end":{"line":110,"column":32}},"110":{"start":{"line":111,"column":0},"end":{"line":111,"column":5}},"112":{"start":{"line":113,"column":0},"end":{"line":113,"column":5}},"113":{"start":{"line":114,"column":0},"end":{"line":114,"column":33}},"115":{"start":{"line":116,"column":0},"end":{"line":116,"column":5}},"117":{"start":{"line":118,"column":0},"end":{"line":118,"column":5}},"118":{"start":{"line":119,"column":0},"end":{"line":119,"column":22}},"119":{"start":{"line":120,"column":0},"end":{"line":120,"column":3}},"121":{"start":{"line":122,"column":0},"end":{"line":122,"column":4}},"123":{"start":{"line":124,"column":0},"end":{"line":124,"column":4}},"124":{"start":{"line":125,"column":0},"end":{"line":125,"column":27}},"125":{"start":{"line":126,"column":0},"end":{"line":126,"column":15}},"126":{"start":{"line":127,"column":0},"end":{"line":127,"column":21}},"127":{"start":{"line":128,"column":0},"end":{"line":128,"column":3}},"129":{"start":{"line":130,"column":0},"end":{"line":130,"column":4}},"132":{"start":{"line":133,"column":0},"end":{"line":133,"column":4}},"133":{"start":{"line":134,"column":0},"end":{"line":134,"column":36}},"134":{"start":{"line":135,"column":0},"end":{"line":135,"column":5}},"136":{"start":{"line":137,"column":0},"end":{"line":137,"column":5}},"137":{"start":{"line":138,"column":0},"end":{"line":138,"column":21}},"138":{"start":{"line":139,"column":0},"end":{"line":139,"column":22}},"139":{"start":{"line":140,"column":0},"end":{"line":140,"column":6}},"141":{"start":{"line":142,"column":0},"end":{"line":142,"column":6}},"142":{"start":{"line":143,"column":0},"end":{"line":143,"column":16}},"143":{"start":{"line":144,"column":0},"end":{"line":144,"column":25}},"144":{"start":{"line":145,"column":0},"end":{"line":145,"column":54}},"145":{"start":{"line":146,"column":0},"end":{"line":146,"column":6}},"146":{"start":{"line":147,"column":0},"end":{"line":147,"column":10}},"147":{"start":{"line":148,"column":0},"end":{"line":148,"column":3}},"149":{"start":{"line":150,"column":0},"end":{"line":150,"column":5}},"151":{"start":{"line":152,"column":0},"end":{"line":152,"column":5}},"152":{"start":{"line":153,"column":0},"end":{"line":153,"column":33}},"153":{"start":{"line":154,"column":0},"end":{"line":154,"column":27}},"154":{"start":{"line":155,"column":0},"end":{"line":155,"column":96}},"155":{"start":{"line":156,"column":0},"end":{"line":156,"column":50}},"156":{"start":{"line":157,"column":0},"end":{"line":157,"column":3}},"158":{"start":{"line":159,"column":0},"end":{"line":159,"column":5}},"160":{"start":{"line":161,"column":0},"end":{"line":161,"column":5}},"162":{"start":{"line":163,"column":0},"end":{"line":163,"column":23}},"163":{"start":{"line":164,"column":0},"end":{"line":164,"column":23}},"164":{"start":{"line":165,"column":0},"end":{"line":165,"column":15}},"165":{"start":{"line":166,"column":0},"end":{"line":166,"column":37}},"166":{"start":{"line":167,"column":0},"end":{"line":167,"column":20}},"167":{"start":{"line":168,"column":0},"end":{"line":168,"column":18}},"168":{"start":{"line":169,"column":0},"end":{"line":169,"column":4}},"170":{"start":{"line":171,"column":0},"end":{"line":171,"column":54}},"171":{"start":{"line":172,"column":0},"end":{"line":172,"column":31}},"173":{"start":{"line":174,"column":0},"end":{"line":174,"column":5}},"175":{"start":{"line":176,"column":0},"end":{"line":176,"column":5}},"177":{"start":{"line":178,"column":0},"end":{"line":178,"column":19}},"178":{"start":{"line":179,"column":0},"end":{"line":179,"column":7}},"179":{"start":{"line":180,"column":0},"end":{"line":180,"column":39}},"180":{"start":{"line":181,"column":0},"end":{"line":181,"column":19}},"181":{"start":{"line":182,"column":0},"end":{"line":182,"column":41}},"182":{"start":{"line":183,"column":0},"end":{"line":183,"column":5}},"183":{"start":{"line":184,"column":0},"end":{"line":184,"column":24}},"184":{"start":{"line":185,"column":0},"end":{"line":185,"column":25}},"185":{"start":{"line":186,"column":0},"end":{"line":186,"column":29}},"186":{"start":{"line":187,"column":0},"end":{"line":187,"column":34}},"187":{"start":{"line":188,"column":0},"end":{"line":188,"column":22}},"188":{"start":{"line":189,"column":0},"end":{"line":189,"column":23}},"189":{"start":{"line":190,"column":0},"end":{"line":190,"column":6}},"190":{"start":{"line":191,"column":0},"end":{"line":191,"column":66}},"191":{"start":{"line":192,"column":0},"end":{"line":192,"column":22}},"192":{"start":{"line":193,"column":0},"end":{"line":193,"column":5}},"193":{"start":{"line":194,"column":0},"end":{"line":194,"column":22}},"194":{"start":{"line":195,"column":0},"end":{"line":195,"column":61}},"195":{"start":{"line":196,"column":0},"end":{"line":196,"column":17}},"196":{"start":{"line":197,"column":0},"end":{"line":197,"column":28}},"197":{"start":{"line":198,"column":0},"end":{"line":198,"column":56}},"198":{"start":{"line":199,"column":0},"end":{"line":199,"column":7}},"199":{"start":{"line":200,"column":0},"end":{"line":200,"column":22}},"200":{"start":{"line":201,"column":0},"end":{"line":201,"column":6}},"201":{"start":{"line":202,"column":0},"end":{"line":202,"column":5}},"203":{"start":{"line":204,"column":0},"end":{"line":204,"column":5}},"204":{"start":{"line":205,"column":0},"end":{"line":205,"column":15}},"205":{"start":{"line":206,"column":0},"end":{"line":206,"column":3}},"207":{"start":{"line":208,"column":0},"end":{"line":208,"column":4}},"210":{"start":{"line":211,"column":0},"end":{"line":211,"column":4}},"212":{"start":{"line":213,"column":0},"end":{"line":213,"column":34}},"213":{"start":{"line":214,"column":0},"end":{"line":214,"column":29}},"214":{"start":{"line":215,"column":0},"end":{"line":215,"column":16}},"215":{"start":{"line":216,"column":0},"end":{"line":216,"column":32}},"216":{"start":{"line":217,"column":0},"end":{"line":217,"column":45}},"217":{"start":{"line":218,"column":0},"end":{"line":218,"column":6}},"218":{"start":{"line":219,"column":0},"end":{"line":219,"column":10}},"219":{"start":{"line":220,"column":0},"end":{"line":220,"column":6}},"222":{"start":{"line":223,"column":0},"end":{"line":223,"column":6}},"223":{"start":{"line":224,"column":0},"end":{"line":224,"column":56}},"224":{"start":{"line":225,"column":0},"end":{"line":225,"column":35}},"225":{"start":{"line":226,"column":0},"end":{"line":226,"column":49}},"227":{"start":{"line":228,"column":0},"end":{"line":228,"column":80}},"228":{"start":{"line":229,"column":0},"end":{"line":229,"column":12}},"229":{"start":{"line":230,"column":0},"end":{"line":230,"column":67}},"230":{"start":{"line":231,"column":0},"end":{"line":231,"column":5}},"231":{"start":{"line":232,"column":0},"end":{"line":232,"column":10}},"232":{"start":{"line":233,"column":0},"end":{"line":233,"column":6}},"235":{"start":{"line":236,"column":0},"end":{"line":236,"column":6}},"236":{"start":{"line":237,"column":0},"end":{"line":237,"column":68}},"238":{"start":{"line":239,"column":0},"end":{"line":239,"column":6}},"241":{"start":{"line":242,"column":0},"end":{"line":242,"column":6}},"242":{"start":{"line":243,"column":0},"end":{"line":243,"column":47}},"244":{"start":{"line":245,"column":0},"end":{"line":245,"column":130}},"246":{"start":{"line":247,"column":0},"end":{"line":247,"column":60}},"248":{"start":{"line":249,"column":0},"end":{"line":249,"column":112}},"250":{"start":{"line":251,"column":0},"end":{"line":251,"column":58}},"251":{"start":{"line":252,"column":0},"end":{"line":252,"column":3}},"252":{"start":{"line":253,"column":0},"end":{"line":253,"column":3}},"254":{"start":{"line":255,"column":0},"end":{"line":255,"column":4}},"257":{"start":{"line":258,"column":0},"end":{"line":258,"column":4}},"259":{"start":{"line":260,"column":0},"end":{"line":260,"column":40}},"260":{"start":{"line":261,"column":0},"end":{"line":261,"column":29}},"261":{"start":{"line":262,"column":0},"end":{"line":262,"column":16}},"262":{"start":{"line":263,"column":0},"end":{"line":263,"column":32}},"263":{"start":{"line":264,"column":0},"end":{"line":264,"column":45}},"264":{"start":{"line":265,"column":0},"end":{"line":265,"column":6}},"265":{"start":{"line":266,"column":0},"end":{"line":266,"column":10}},"266":{"start":{"line":267,"column":0},"end":{"line":267,"column":6}},"269":{"start":{"line":270,"column":0},"end":{"line":270,"column":6}},"270":{"start":{"line":271,"column":0},"end":{"line":271,"column":56}},"271":{"start":{"line":272,"column":0},"end":{"line":272,"column":35}},"272":{"start":{"line":273,"column":0},"end":{"line":273,"column":49}},"273":{"start":{"line":274,"column":0},"end":{"line":274,"column":7}},"274":{"start":{"line":275,"column":0},"end":{"line":275,"column":82}},"275":{"start":{"line":276,"column":0},"end":{"line":276,"column":12}},"276":{"start":{"line":277,"column":0},"end":{"line":277,"column":67}},"277":{"start":{"line":278,"column":0},"end":{"line":278,"column":5}},"278":{"start":{"line":279,"column":0},"end":{"line":279,"column":10}},"280":{"start":{"line":281,"column":0},"end":{"line":281,"column":6}},"283":{"start":{"line":284,"column":0},"end":{"line":284,"column":6}},"284":{"start":{"line":285,"column":0},"end":{"line":285,"column":44}},"286":{"start":{"line":287,"column":0},"end":{"line":287,"column":6}},"289":{"start":{"line":290,"column":0},"end":{"line":290,"column":6}},"290":{"start":{"line":291,"column":0},"end":{"line":291,"column":29}},"291":{"start":{"line":292,"column":0},"end":{"line":292,"column":15}},"292":{"start":{"line":293,"column":0},"end":{"line":293,"column":6}},"293":{"start":{"line":294,"column":0},"end":{"line":294,"column":26}},"294":{"start":{"line":295,"column":0},"end":{"line":295,"column":16}},"295":{"start":{"line":296,"column":0},"end":{"line":296,"column":11}},"298":{"start":{"line":299,"column":0},"end":{"line":299,"column":11}},"299":{"start":{"line":300,"column":0},"end":{"line":300,"column":23}},"300":{"start":{"line":301,"column":0},"end":{"line":301,"column":39}},"301":{"start":{"line":302,"column":0},"end":{"line":302,"column":19}},"302":{"start":{"line":303,"column":0},"end":{"line":303,"column":54}},"303":{"start":{"line":304,"column":0},"end":{"line":304,"column":11}},"304":{"start":{"line":305,"column":0},"end":{"line":305,"column":10}},"306":{"start":{"line":307,"column":0},"end":{"line":307,"column":7}},"308":{"start":{"line":309,"column":0},"end":{"line":309,"column":6}},"310":{"start":{"line":311,"column":0},"end":{"line":311,"column":6}},"312":{"start":{"line":313,"column":0},"end":{"line":313,"column":6}},"313":{"start":{"line":314,"column":0},"end":{"line":314,"column":38}},"314":{"start":{"line":315,"column":0},"end":{"line":315,"column":37}},"315":{"start":{"line":316,"column":0},"end":{"line":316,"column":6}},"316":{"start":{"line":317,"column":0},"end":{"line":317,"column":3}},"317":{"start":{"line":318,"column":0},"end":{"line":318,"column":3}},"319":{"start":{"line":320,"column":0},"end":{"line":320,"column":4}},"322":{"start":{"line":323,"column":0},"end":{"line":323,"column":4}},"324":{"start":{"line":325,"column":0},"end":{"line":325,"column":34}},"325":{"start":{"line":326,"column":0},"end":{"line":326,"column":29}},"326":{"start":{"line":327,"column":0},"end":{"line":327,"column":16}},"327":{"start":{"line":328,"column":0},"end":{"line":328,"column":32}},"328":{"start":{"line":329,"column":0},"end":{"line":329,"column":45}},"329":{"start":{"line":330,"column":0},"end":{"line":330,"column":6}},"330":{"start":{"line":331,"column":0},"end":{"line":331,"column":10}},"331":{"start":{"line":332,"column":0},"end":{"line":332,"column":6}},"334":{"start":{"line":335,"column":0},"end":{"line":335,"column":6}},"336":{"start":{"line":337,"column":0},"end":{"line":337,"column":56}},"337":{"start":{"line":338,"column":0},"end":{"line":338,"column":35}},"338":{"start":{"line":339,"column":0},"end":{"line":339,"column":49}},"339":{"start":{"line":340,"column":0},"end":{"line":340,"column":80}},"340":{"start":{"line":341,"column":0},"end":{"line":341,"column":12}},"341":{"start":{"line":342,"column":0},"end":{"line":342,"column":67}},"342":{"start":{"line":343,"column":0},"end":{"line":343,"column":5}},"343":{"start":{"line":344,"column":0},"end":{"line":344,"column":10}},"345":{"start":{"line":346,"column":0},"end":{"line":346,"column":6}},"348":{"start":{"line":349,"column":0},"end":{"line":349,"column":6}},"349":{"start":{"line":350,"column":0},"end":{"line":350,"column":27}},"351":{"start":{"line":352,"column":0},"end":{"line":352,"column":23}},"352":{"start":{"line":353,"column":0},"end":{"line":353,"column":26}},"353":{"start":{"line":354,"column":0},"end":{"line":354,"column":25}},"354":{"start":{"line":355,"column":0},"end":{"line":355,"column":24}},"355":{"start":{"line":356,"column":0},"end":{"line":356,"column":56}},"356":{"start":{"line":357,"column":0},"end":{"line":357,"column":24}},"357":{"start":{"line":358,"column":0},"end":{"line":358,"column":25}},"359":{"start":{"line":360,"column":0},"end":{"line":360,"column":57}},"360":{"start":{"line":361,"column":0},"end":{"line":361,"column":65}},"362":{"start":{"line":363,"column":0},"end":{"line":363,"column":28}},"363":{"start":{"line":364,"column":0},"end":{"line":364,"column":84}},"364":{"start":{"line":365,"column":0},"end":{"line":365,"column":32}},"365":{"start":{"line":366,"column":0},"end":{"line":366,"column":46}},"366":{"start":{"line":367,"column":0},"end":{"line":367,"column":19}},"367":{"start":{"line":368,"column":0},"end":{"line":368,"column":26}},"368":{"start":{"line":369,"column":0},"end":{"line":369,"column":5}},"369":{"start":{"line":370,"column":0},"end":{"line":370,"column":41}},"370":{"start":{"line":371,"column":0},"end":{"line":371,"column":55}},"371":{"start":{"line":372,"column":0},"end":{"line":372,"column":6}},"373":{"start":{"line":374,"column":0},"end":{"line":374,"column":6}},"375":{"start":{"line":376,"column":0},"end":{"line":376,"column":6}},"376":{"start":{"line":377,"column":0},"end":{"line":377,"column":31}},"377":{"start":{"line":378,"column":0},"end":{"line":378,"column":3}},"378":{"start":{"line":379,"column":0},"end":{"line":379,"column":3}},"380":{"start":{"line":381,"column":0},"end":{"line":381,"column":4}},"382":{"start":{"line":383,"column":0},"end":{"line":383,"column":4}},"383":{"start":{"line":384,"column":0},"end":{"line":384,"column":18}},"384":{"start":{"line":385,"column":0},"end":{"line":385,"column":28}},"385":{"start":{"line":386,"column":0},"end":{"line":386,"column":64}},"386":{"start":{"line":387,"column":0},"end":{"line":387,"column":3}},"387":{"start":{"line":388,"column":0},"end":{"line":388,"column":65}},"388":{"start":{"line":389,"column":0},"end":{"line":389,"column":16}},"390":{"start":{"line":391,"column":0},"end":{"line":391,"column":54}},"391":{"start":{"line":392,"column":0},"end":{"line":392,"column":74}},"393":{"start":{"line":394,"column":0},"end":{"line":394,"column":90}},"394":{"start":{"line":395,"column":0},"end":{"line":395,"column":25}},"395":{"start":{"line":396,"column":0},"end":{"line":396,"column":102}},"397":{"start":{"line":398,"column":0},"end":{"line":398,"column":19}},"398":{"start":{"line":399,"column":0},"end":{"line":399,"column":54}},"399":{"start":{"line":400,"column":0},"end":{"line":400,"column":53}},"400":{"start":{"line":401,"column":0},"end":{"line":401,"column":51}},"401":{"start":{"line":402,"column":0},"end":{"line":402,"column":3}},"403":{"start":{"line":404,"column":0},"end":{"line":404,"column":23}},"404":{"start":{"line":405,"column":0},"end":{"line":405,"column":55}},"405":{"start":{"line":406,"column":0},"end":{"line":406,"column":52}},"406":{"start":{"line":407,"column":0},"end":{"line":407,"column":59}},"407":{"start":{"line":408,"column":0},"end":{"line":408,"column":3}},"409":{"start":{"line":410,"column":0},"end":{"line":410,"column":22}},"410":{"start":{"line":411,"column":0},"end":{"line":411,"column":70}},"411":{"start":{"line":412,"column":0},"end":{"line":412,"column":53}},"412":{"start":{"line":413,"column":0},"end":{"line":413,"column":51}},"413":{"start":{"line":414,"column":0},"end":{"line":414,"column":3}},"415":{"start":{"line":416,"column":0},"end":{"line":416,"column":50}},"416":{"start":{"line":417,"column":0},"end":{"line":417,"column":38}},"417":{"start":{"line":418,"column":0},"end":{"line":418,"column":30}},"418":{"start":{"line":419,"column":0},"end":{"line":419,"column":7}},"419":{"start":{"line":420,"column":0},"end":{"line":420,"column":15}},"420":{"start":{"line":421,"column":0},"end":{"line":421,"column":21}},"421":{"start":{"line":422,"column":0},"end":{"line":422,"column":13}},"422":{"start":{"line":423,"column":0},"end":{"line":423,"column":23}},"423":{"start":{"line":424,"column":0},"end":{"line":424,"column":15}},"424":{"start":{"line":425,"column":0},"end":{"line":425,"column":23}},"425":{"start":{"line":426,"column":0},"end":{"line":426,"column":9}},"426":{"start":{"line":427,"column":0},"end":{"line":427,"column":17}},"428":{"start":{"line":429,"column":0},"end":{"line":429,"column":10}},"432":{"start":{"line":433,"column":0},"end":{"line":433,"column":9}},"433":{"start":{"line":434,"column":0},"end":{"line":434,"column":6}},"434":{"start":{"line":435,"column":0},"end":{"line":435,"column":77}},"435":{"start":{"line":436,"column":0},"end":{"line":436,"column":36}},"437":{"start":{"line":438,"column":0},"end":{"line":438,"column":20}},"438":{"start":{"line":439,"column":0},"end":{"line":439,"column":74}},"441":{"start":{"line":442,"column":0},"end":{"line":442,"column":28}},"442":{"start":{"line":443,"column":0},"end":{"line":443,"column":45}},"443":{"start":{"line":444,"column":0},"end":{"line":444,"column":81}},"444":{"start":{"line":445,"column":0},"end":{"line":445,"column":55}},"445":{"start":{"line":446,"column":0},"end":{"line":446,"column":11}},"446":{"start":{"line":447,"column":0},"end":{"line":447,"column":19}},"447":{"start":{"line":448,"column":0},"end":{"line":448,"column":20}},"448":{"start":{"line":449,"column":0},"end":{"line":449,"column":29}},"449":{"start":{"line":450,"column":0},"end":{"line":450,"column":19}},"450":{"start":{"line":451,"column":0},"end":{"line":451,"column":43}},"452":{"start":{"line":453,"column":0},"end":{"line":453,"column":13}},"453":{"start":{"line":454,"column":0},"end":{"line":454,"column":44}},"454":{"start":{"line":455,"column":0},"end":{"line":455,"column":37}},"455":{"start":{"line":456,"column":0},"end":{"line":456,"column":24}},"456":{"start":{"line":457,"column":0},"end":{"line":457,"column":20}},"458":{"start":{"line":459,"column":0},"end":{"line":459,"column":13}},"459":{"start":{"line":460,"column":0},"end":{"line":460,"column":46}},"460":{"start":{"line":461,"column":0},"end":{"line":461,"column":37}},"461":{"start":{"line":462,"column":0},"end":{"line":462,"column":24}},"462":{"start":{"line":463,"column":0},"end":{"line":463,"column":20}},"466":{"start":{"line":467,"column":0},"end":{"line":467,"column":13}},"467":{"start":{"line":468,"column":0},"end":{"line":468,"column":16}},"468":{"start":{"line":469,"column":0},"end":{"line":469,"column":16}},"469":{"start":{"line":470,"column":0},"end":{"line":470,"column":17}},"470":{"start":{"line":471,"column":0},"end":{"line":471,"column":16}},"471":{"start":{"line":472,"column":0},"end":{"line":472,"column":37}},"472":{"start":{"line":473,"column":0},"end":{"line":473,"column":24}},"474":{"start":{"line":475,"column":0},"end":{"line":475,"column":13}},"475":{"start":{"line":476,"column":0},"end":{"line":476,"column":16}},"476":{"start":{"line":477,"column":0},"end":{"line":477,"column":16}},"477":{"start":{"line":478,"column":0},"end":{"line":478,"column":17}},"478":{"start":{"line":479,"column":0},"end":{"line":479,"column":16}},"479":{"start":{"line":480,"column":0},"end":{"line":480,"column":37}},"480":{"start":{"line":481,"column":0},"end":{"line":481,"column":24}},"482":{"start":{"line":483,"column":0},"end":{"line":483,"column":13}},"483":{"start":{"line":484,"column":0},"end":{"line":484,"column":16}},"484":{"start":{"line":485,"column":0},"end":{"line":485,"column":17}},"485":{"start":{"line":486,"column":0},"end":{"line":486,"column":17}},"486":{"start":{"line":487,"column":0},"end":{"line":487,"column":17}},"487":{"start":{"line":488,"column":0},"end":{"line":488,"column":37}},"488":{"start":{"line":489,"column":0},"end":{"line":489,"column":24}},"491":{"start":{"line":492,"column":0},"end":{"line":492,"column":68}},"495":{"start":{"line":496,"column":0},"end":{"line":496,"column":70}},"500":{"start":{"line":501,"column":0},"end":{"line":501,"column":83}},"501":{"start":{"line":502,"column":0},"end":{"line":502,"column":49}},"502":{"start":{"line":503,"column":0},"end":{"line":503,"column":70}},"503":{"start":{"line":504,"column":0},"end":{"line":504,"column":38}},"507":{"start":{"line":508,"column":0},"end":{"line":508,"column":105}},"509":{"start":{"line":510,"column":0},"end":{"line":510,"column":12}},"510":{"start":{"line":511,"column":0},"end":{"line":511,"column":96}},"511":{"start":{"line":512,"column":0},"end":{"line":512,"column":13}},"512":{"start":{"line":513,"column":0},"end":{"line":513,"column":44}},"513":{"start":{"line":514,"column":0},"end":{"line":514,"column":21}},"514":{"start":{"line":515,"column":0},"end":{"line":515,"column":29}},"515":{"start":{"line":516,"column":0},"end":{"line":516,"column":27}},"516":{"start":{"line":517,"column":0},"end":{"line":517,"column":31}},"517":{"start":{"line":518,"column":0},"end":{"line":518,"column":34}},"518":{"start":{"line":519,"column":0},"end":{"line":519,"column":15}},"519":{"start":{"line":520,"column":0},"end":{"line":520,"column":32}},"520":{"start":{"line":521,"column":0},"end":{"line":521,"column":33}},"521":{"start":{"line":522,"column":0},"end":{"line":522,"column":261}},"523":{"start":{"line":524,"column":0},"end":{"line":524,"column":15}},"526":{"start":{"line":527,"column":0},"end":{"line":527,"column":45}},"527":{"start":{"line":528,"column":0},"end":{"line":528,"column":50}},"532":{"start":{"line":533,"column":0},"end":{"line":533,"column":12}},"533":{"start":{"line":534,"column":0},"end":{"line":534,"column":96}},"534":{"start":{"line":535,"column":0},"end":{"line":535,"column":13}},"535":{"start":{"line":536,"column":0},"end":{"line":536,"column":44}},"536":{"start":{"line":537,"column":0},"end":{"line":537,"column":21}},"537":{"start":{"line":538,"column":0},"end":{"line":538,"column":29}},"538":{"start":{"line":539,"column":0},"end":{"line":539,"column":27}},"539":{"start":{"line":540,"column":0},"end":{"line":540,"column":31}},"540":{"start":{"line":541,"column":0},"end":{"line":541,"column":34}},"541":{"start":{"line":542,"column":0},"end":{"line":542,"column":15}},"542":{"start":{"line":543,"column":0},"end":{"line":543,"column":32}},"543":{"start":{"line":544,"column":0},"end":{"line":544,"column":33}},"544":{"start":{"line":545,"column":0},"end":{"line":545,"column":445}},"546":{"start":{"line":547,"column":0},"end":{"line":547,"column":15}},"549":{"start":{"line":550,"column":0},"end":{"line":550,"column":45}},"550":{"start":{"line":551,"column":0},"end":{"line":551,"column":50}},"555":{"start":{"line":556,"column":0},"end":{"line":556,"column":12}},"556":{"start":{"line":557,"column":0},"end":{"line":557,"column":96}},"557":{"start":{"line":558,"column":0},"end":{"line":558,"column":13}},"558":{"start":{"line":559,"column":0},"end":{"line":559,"column":44}},"559":{"start":{"line":560,"column":0},"end":{"line":560,"column":21}},"560":{"start":{"line":561,"column":0},"end":{"line":561,"column":29}},"561":{"start":{"line":562,"column":0},"end":{"line":562,"column":27}},"562":{"start":{"line":563,"column":0},"end":{"line":563,"column":31}},"563":{"start":{"line":564,"column":0},"end":{"line":564,"column":34}},"564":{"start":{"line":565,"column":0},"end":{"line":565,"column":15}},"565":{"start":{"line":566,"column":0},"end":{"line":566,"column":32}},"566":{"start":{"line":567,"column":0},"end":{"line":567,"column":33}},"567":{"start":{"line":568,"column":0},"end":{"line":568,"column":235}},"569":{"start":{"line":570,"column":0},"end":{"line":570,"column":15}},"572":{"start":{"line":573,"column":0},"end":{"line":573,"column":45}},"573":{"start":{"line":574,"column":0},"end":{"line":574,"column":49}},"580":{"start":{"line":581,"column":0},"end":{"line":581,"column":65}},"581":{"start":{"line":582,"column":0},"end":{"line":582,"column":62}},"582":{"start":{"line":583,"column":0},"end":{"line":583,"column":35}},"583":{"start":{"line":584,"column":0},"end":{"line":584,"column":34}},"584":{"start":{"line":585,"column":0},"end":{"line":585,"column":19}},"585":{"start":{"line":586,"column":0},"end":{"line":586,"column":21}},"586":{"start":{"line":587,"column":0},"end":{"line":587,"column":24}},"587":{"start":{"line":588,"column":0},"end":{"line":588,"column":41}},"590":{"start":{"line":591,"column":0},"end":{"line":591,"column":55}},"593":{"start":{"line":594,"column":0},"end":{"line":594,"column":34}},"594":{"start":{"line":595,"column":0},"end":{"line":595,"column":34}},"603":{"start":{"line":604,"column":0},"end":{"line":604,"column":87}},"604":{"start":{"line":605,"column":0},"end":{"line":605,"column":12}},"605":{"start":{"line":606,"column":0},"end":{"line":606,"column":18}},"606":{"start":{"line":607,"column":0},"end":{"line":607,"column":24}},"607":{"start":{"line":608,"column":0},"end":{"line":608,"column":32}},"608":{"start":{"line":609,"column":0},"end":{"line":609,"column":42}},"609":{"start":{"line":610,"column":0},"end":{"line":610,"column":42}},"610":{"start":{"line":611,"column":0},"end":{"line":611,"column":42}},"611":{"start":{"line":612,"column":0},"end":{"line":612,"column":28}},"612":{"start":{"line":613,"column":0},"end":{"line":613,"column":26}},"613":{"start":{"line":614,"column":0},"end":{"line":614,"column":22}},"614":{"start":{"line":615,"column":0},"end":{"line":615,"column":23}},"619":{"start":{"line":620,"column":0},"end":{"line":620,"column":1}},"621":{"start":{"line":622,"column":0},"end":{"line":622,"column":19}}},"s":{"0":1,"1":1,"2":1,"3":1,"4":1,"5":1,"6":1,"7":1,"8":1,"9":1,"10":1,"15":1,"16":39,"17":39,"19":39,"20":39,"21":39,"23":39,"24":39,"26":39,"28":39,"29":39,"31":39,"33":39,"34":39,"36":39,"38":39,"39":39,"41":39,"43":39,"44":39,"45":39,"46":39,"47":39,"49":39,"51":39,"53":39,"55":39,"56":39,"57":14,"58":14,"59":1,"61":1,"62":1,"63":1,"64":14,"65":0,"66":0,"67":0,"68":0,"69":14,"70":14,"71":39,"73":39,"74":39,"78":39,"79":39,"86":39,"87":39,"88":5,"90":5,"92":5,"93":5,"94":0,"95":0,"96":5,"98":5,"99":5,"100":1,"101":1,"102":5,"103":5,"105":39,"108":39,"109":39,"110":0,"112":0,"113":0,"115":0,"117":0,"118":0,"119":0,"121":39,"123":39,"124":39,"125":0,"126":0,"127":0,"129":39,"132":39,"133":39,"134":8,"136":8,"137":8,"138":8,"139":2,"141":2,"142":2,"143":2,"144":2,"145":2,"146":2,"147":2,"149":6,"151":6,"152":6,"153":8,"154":0,"155":0,"156":0,"158":6,"160":6,"162":6,"163":6,"164":6,"165":6,"166":6,"167":6,"168":6,"170":6,"171":6,"173":6,"175":6,"177":6,"178":6,"179":6,"180":6,"181":6,"182":6,"183":6,"184":6,"185":6,"186":6,"187":6,"188":6,"189":6,"190":6,"191":6,"192":6,"193":6,"194":0,"195":0,"196":0,"197":0,"198":0,"199":0,"200":0,"201":6,"203":6,"204":6,"205":6,"207":39,"210":39,"212":39,"213":2,"214":1,"215":1,"216":1,"217":1,"218":1,"219":1,"222":1,"223":1,"224":2,"225":1,"227":1,"228":1,"229":1,"230":1,"231":1,"232":1,"235":1,"236":1,"238":1,"241":1,"242":1,"244":1,"246":1,"248":1,"250":1,"251":1,"252":2,"254":39,"257":39,"259":39,"260":2,"261":1,"262":1,"263":1,"264":1,"265":1,"266":1,"269":1,"270":1,"271":2,"272":1,"273":1,"274":1,"275":1,"276":1,"277":1,"278":1,"280":1,"283":1,"284":1,"286":1,"289":1,"290":1,"291":1,"292":1,"293":1,"294":1,"295":5,"298":5,"299":5,"300":5,"301":5,"302":5,"303":5,"304":5,"306":1,"308":1,"310":1,"312":1,"313":1,"314":1,"315":1,"316":1,"317":2,"319":39,"322":39,"324":39,"325":2,"326":1,"327":1,"328":1,"329":1,"330":1,"331":1,"334":1,"336":1,"337":2,"338":1,"339":1,"340":1,"341":1,"342":1,"343":1,"345":1,"348":1,"349":1,"351":1,"352":1,"353":1,"354":1,"355":1,"356":1,"357":1,"359":1,"360":1,"362":1,"363":1,"364":1,"365":8,"366":0,"367":0,"368":0,"369":8,"370":8,"371":8,"373":1,"375":1,"376":1,"377":1,"378":2,"380":39,"382":39,"383":39,"384":26,"385":12,"386":12,"387":26,"388":39,"390":39,"391":39,"393":39,"394":39,"395":39,"397":39,"398":39,"399":39,"400":39,"401":39,"403":39,"404":39,"405":39,"406":39,"407":39,"409":39,"410":39,"411":39,"412":39,"413":39,"415":39,"416":39,"417":39,"418":39,"419":39,"420":39,"421":39,"422":39,"423":81,"424":0,"425":0,"426":162,"428":39,"432":39,"433":39,"434":39,"435":39,"437":39,"438":39,"441":39,"442":27,"443":27,"444":27,"445":27,"446":27,"447":27,"448":27,"449":27,"450":27,"452":27,"453":27,"454":27,"455":27,"456":27,"458":27,"459":27,"460":27,"461":27,"462":27,"466":27,"467":27,"468":27,"469":27,"470":27,"471":27,"472":27,"474":27,"475":27,"476":27,"477":27,"478":27,"479":27,"480":27,"482":27,"483":27,"484":27,"485":27,"486":27,"487":27,"488":27,"491":27,"495":27,"500":27,"501":27,"502":27,"503":27,"507":27,"509":27,"510":27,"511":27,"512":27,"513":27,"514":27,"515":27,"516":27,"517":27,"518":27,"519":27,"520":27,"521":27,"523":27,"526":27,"527":27,"532":27,"533":27,"534":27,"535":27,"536":27,"537":27,"538":27,"539":27,"540":27,"541":27,"542":27,"543":27,"544":27,"546":27,"549":27,"550":27,"555":27,"556":27,"557":27,"558":27,"559":27,"560":27,"561":27,"562":27,"563":27,"564":27,"565":27,"566":27,"567":27,"569":27,"572":27,"573":27,"580":39,"581":39,"582":39,"583":39,"584":12,"585":12,"586":12,"587":12,"590":39,"593":39,"594":39,"603":39,"604":39,"605":39,"606":39,"607":39,"608":39,"609":39,"610":39,"611":39,"612":39,"613":39,"614":39,"619":39,"621":1},"branchMap":{"0":{"type":"branch","line":17,"loc":{"start":{"line":17,"column":0},"end":{"line":620,"column":1}},"locations":[{"start":{"line":17,"column":0},"end":{"line":620,"column":1}}]},"1":{"type":"branch","line":442,"loc":{"start":{"line":442,"column":23},"end":{"line":581,"column":5}},"locations":[{"start":{"line":442,"column":23},"end":{"line":581,"column":5}}]},"2":{"type":"branch","line":503,"loc":{"start":{"line":503,"column":17},"end":{"line":503,"column":44}},"locations":[{"start":{"line":503,"column":17},"end":{"line":503,"column":44}}]},"3":{"type":"branch","line":504,"loc":{"start":{"line":504,"column":10},"end":{"line":504,"column":38}},"locations":[{"start":{"line":504,"column":10},"end":{"line":504,"column":38}}]},"4":{"type":"branch","line":57,"loc":{"start":{"line":57,"column":11},"end":{"line":72,"column":4}},"locations":[{"start":{"line":57,"column":11},"end":{"line":72,"column":4}}]},"5":{"type":"branch","line":59,"loc":{"start":{"line":59,"column":21},"end":{"line":64,"column":3}},"locations":[{"start":{"line":59,"column":21},"end":{"line":64,"column":3}}]},"6":{"type":"branch","line":71,"loc":{"start":{"line":71,"column":9},"end":{"line":71,"column":72}},"locations":[{"start":{"line":71,"column":9},"end":{"line":71,"column":72}}]},"7":{"type":"branch","line":88,"loc":{"start":{"line":88,"column":21},"end":{"line":104,"column":3}},"locations":[{"start":{"line":88,"column":21},"end":{"line":104,"column":3}}]},"8":{"type":"branch","line":94,"loc":{"start":{"line":94,"column":26},"end":{"line":96,"column":3}},"locations":[{"start":{"line":94,"column":26},"end":{"line":96,"column":3}}]},"9":{"type":"branch","line":100,"loc":{"start":{"line":100,"column":34},"end":{"line":103,"column":5}},"locations":[{"start":{"line":100,"column":34},"end":{"line":103,"column":5}}]},"10":{"type":"branch","line":134,"loc":{"start":{"line":134,"column":22},"end":{"line":206,"column":3}},"locations":[{"start":{"line":134,"column":22},"end":{"line":206,"column":3}}]},"11":{"type":"branch","line":139,"loc":{"start":{"line":139,"column":21},"end":{"line":148,"column":3}},"locations":[{"start":{"line":139,"column":21},"end":{"line":148,"column":3}}]},"12":{"type":"branch","line":148,"loc":{"start":{"line":148,"column":2},"end":{"line":154,"column":26}},"locations":[{"start":{"line":148,"column":2},"end":{"line":154,"column":26}}]},"13":{"type":"branch","line":154,"loc":{"start":{"line":154,"column":26},"end":{"line":157,"column":3}},"locations":[{"start":{"line":154,"column":26},"end":{"line":157,"column":3}}]},"14":{"type":"branch","line":157,"loc":{"start":{"line":157,"column":2},"end":{"line":206,"column":3}},"locations":[{"start":{"line":157,"column":2},"end":{"line":206,"column":3}}]},"15":{"type":"branch","line":184,"loc":{"start":{"line":184,"column":9},"end":{"line":193,"column":5}},"locations":[{"start":{"line":184,"column":9},"end":{"line":193,"column":5}}]},"16":{"type":"branch","line":191,"loc":{"start":{"line":191,"column":16},"end":{"line":191,"column":66}},"locations":[{"start":{"line":191,"column":16},"end":{"line":191,"column":66}}]},"17":{"type":"branch","line":213,"loc":{"start":{"line":213,"column":27},"end":{"line":253,"column":3}},"locations":[{"start":{"line":213,"column":27},"end":{"line":253,"column":3}}]},"18":{"type":"branch","line":214,"loc":{"start":{"line":214,"column":28},"end":{"line":252,"column":3}},"locations":[{"start":{"line":214,"column":28},"end":{"line":252,"column":3}}]},"19":{"type":"branch","line":224,"loc":{"start":{"line":224,"column":40},"end":{"line":232,"column":6}},"locations":[{"start":{"line":224,"column":40},"end":{"line":232,"column":6}}]},"20":{"type":"branch","line":225,"loc":{"start":{"line":225,"column":34},"end":{"line":231,"column":5}},"locations":[{"start":{"line":225,"column":34},"end":{"line":231,"column":5}}]},"21":{"type":"branch","line":260,"loc":{"start":{"line":260,"column":27},"end":{"line":318,"column":3}},"locations":[{"start":{"line":260,"column":27},"end":{"line":318,"column":3}}]},"22":{"type":"branch","line":261,"loc":{"start":{"line":261,"column":28},"end":{"line":317,"column":3}},"locations":[{"start":{"line":261,"column":28},"end":{"line":317,"column":3}}]},"23":{"type":"branch","line":271,"loc":{"start":{"line":271,"column":40},"end":{"line":279,"column":6}},"locations":[{"start":{"line":271,"column":40},"end":{"line":279,"column":6}}]},"24":{"type":"branch","line":272,"loc":{"start":{"line":272,"column":34},"end":{"line":278,"column":5}},"locations":[{"start":{"line":272,"column":34},"end":{"line":278,"column":5}}]},"25":{"type":"branch","line":295,"loc":{"start":{"line":295,"column":7},"end":{"line":305,"column":10}},"locations":[{"start":{"line":295,"column":7},"end":{"line":305,"column":10}}]},"26":{"type":"branch","line":314,"loc":{"start":{"line":314,"column":27},"end":{"line":316,"column":6}},"locations":[{"start":{"line":314,"column":27},"end":{"line":316,"column":6}}]},"27":{"type":"branch","line":325,"loc":{"start":{"line":325,"column":27},"end":{"line":379,"column":3}},"locations":[{"start":{"line":325,"column":27},"end":{"line":379,"column":3}}]},"28":{"type":"branch","line":326,"loc":{"start":{"line":326,"column":28},"end":{"line":378,"column":3}},"locations":[{"start":{"line":326,"column":28},"end":{"line":378,"column":3}}]},"29":{"type":"branch","line":337,"loc":{"start":{"line":337,"column":40},"end":{"line":344,"column":6}},"locations":[{"start":{"line":337,"column":40},"end":{"line":344,"column":6}}]},"30":{"type":"branch","line":338,"loc":{"start":{"line":338,"column":34},"end":{"line":343,"column":5}},"locations":[{"start":{"line":338,"column":34},"end":{"line":343,"column":5}}]},"31":{"type":"branch","line":365,"loc":{"start":{"line":365,"column":21},"end":{"line":372,"column":6}},"locations":[{"start":{"line":365,"column":21},"end":{"line":372,"column":6}}]},"32":{"type":"branch","line":366,"loc":{"start":{"line":366,"column":45},"end":{"line":369,"column":5}},"locations":[{"start":{"line":366,"column":45},"end":{"line":369,"column":5}}]},"33":{"type":"branch","line":384,"loc":{"start":{"line":384,"column":11},"end":{"line":389,"column":4}},"locations":[{"start":{"line":384,"column":11},"end":{"line":389,"column":4}}]},"34":{"type":"branch","line":385,"loc":{"start":{"line":385,"column":27},"end":{"line":387,"column":3}},"locations":[{"start":{"line":385,"column":27},"end":{"line":387,"column":3}}]},"35":{"type":"branch","line":388,"loc":{"start":{"line":388,"column":24},"end":{"line":388,"column":41}},"locations":[{"start":{"line":388,"column":24},"end":{"line":388,"column":41}}]},"36":{"type":"branch","line":423,"loc":{"start":{"line":423,"column":15},"end":{"line":426,"column":9}},"locations":[{"start":{"line":423,"column":15},"end":{"line":426,"column":9}}]},"37":{"type":"branch","line":426,"loc":{"start":{"line":426,"column":8},"end":{"line":427,"column":17}},"locations":[{"start":{"line":426,"column":8},"end":{"line":427,"column":17}}]},"38":{"type":"branch","line":584,"loc":{"start":{"line":584,"column":20},"end":{"line":591,"column":9}},"locations":[{"start":{"line":584,"column":20},"end":{"line":591,"column":9}}]}},"b":{"0":[39],"1":[27],"2":[0],"3":[0],"4":[14],"5":[1],"6":[14],"7":[5],"8":[0],"9":[1],"10":[8],"11":[2],"12":[6],"13":[0],"14":[6],"15":[6],"16":[5],"17":[2],"18":[1],"19":[2],"20":[1],"21":[2],"22":[1],"23":[2],"24":[1],"25":[5],"26":[1],"27":[2],"28":[1],"29":[2],"30":[1],"31":[8],"32":[0],"33":[26],"34":[12],"35":[12],"36":[81],"37":[162],"38":[12]},"fnMap":{"0":{"name":"App","decl":{"start":{"line":17,"column":0},"end":{"line":620,"column":1}},"loc":{"start":{"line":17,"column":0},"end":{"line":620,"column":1}},"line":17},"1":{"name":"handleMouseMove","decl":{"start":{"line":65,"column":26},"end":{"line":69,"column":4}},"loc":{"start":{"line":65,"column":26},"end":{"line":69,"column":4}},"line":65},"2":{"name":"handleError","decl":{"start":{"line":88,"column":21},"end":{"line":104,"column":3}},"loc":{"start":{"line":88,"column":21},"end":{"line":104,"column":3}},"line":88},"3":{"name":"handleEdit","decl":{"start":{"line":110,"column":20},"end":{"line":120,"column":3}},"loc":{"start":{"line":110,"column":20},"end":{"line":120,"column":3}},"line":110},"4":{"name":"cancelEdit","decl":{"start":{"line":125,"column":20},"end":{"line":128,"column":3}},"loc":{"start":{"line":125,"column":20},"end":{"line":128,"column":3}},"line":125},"5":{"name":"handleSubmit","decl":{"start":{"line":134,"column":22},"end":{"line":206,"column":3}},"loc":{"start":{"line":134,"column":22},"end":{"line":206,"column":3}},"line":134},"6":{"name":"handleDownloadtxt","decl":{"start":{"line":213,"column":27},"end":{"line":253,"column":3}},"loc":{"start":{"line":213,"column":27},"end":{"line":253,"column":3}},"line":213},"7":{"name":"handleDownloaddoc","decl":{"start":{"line":260,"column":27},"end":{"line":318,"column":3}},"loc":{"start":{"line":260,"column":27},"end":{"line":318,"column":3}},"line":260},"8":{"name":"handleDownloadpdf","decl":{"start":{"line":325,"column":27},"end":{"line":379,"column":3}},"loc":{"start":{"line":325,"column":27},"end":{"line":379,"column":3}},"line":325},"9":{"name":"onClick","decl":{"start":{"line":424,"column":8},"end":{"line":426,"column":9}},"loc":{"start":{"line":424,"column":8},"end":{"line":426,"column":9}},"line":424},"10":{"name":"onEdit","decl":{"start":{"line":588,"column":17},"end":{"line":588,"column":41}},"loc":{"start":{"line":588,"column":17},"end":{"line":588,"column":41}},"line":588}},"f":{"0":39,"1":0,"2":5,"3":0,"4":0,"5":8,"6":2,"7":2,"8":2,"9":0,"10":0}}
,"/app/src/main.jsx": {"path":"/app/src/main.jsx","all":true,"statementMap":{"0":{"start":{"line":1,"column":0},"end":{"line":1,"column":3}},"5":{"start":{"line":6,"column":0},"end":{"line":6,"column":3}},"7":{"start":{"line":8,"column":0},"end":{"line":8,"column":40}},"8":{"start":{"line":9,"column":0},"end":{"line":9,"column":60}},"9":{"start":{"line":10,"column":0},"end":{"line":10,"column":28}},"10":{"start":{"line":11,"column":0},"end":{"line":11,"column":43}},"12":{"start":{"line":13,"column":0},"end":{"line":13,"column":45}},"13":{"start":{"line":14,"column":0},"end":{"line":14,"column":3}},"19":{"start":{"line":20,"column":0},"end":{"line":20,"column":3}},"21":{"start":{"line":22,"column":0},"end":{"line":22,"column":33}},"22":{"start":{"line":23,"column":0},"end":{"line":23,"column":16}},"23":{"start":{"line":24,"column":0},"end":{"line":24,"column":10}},"24":{"start":{"line":25,"column":0},"end":{"line":25,"column":39}},"25":{"start":{"line":26,"column":0},"end":{"line":26,"column":48}}},"s":{"0":0,"5":0,"7":0,"8":0,"9":0,"10":0,"12":0,"13":0,"19":0,"21":0,"22":0,"23":0,"24":0,"25":0},"branchMap":{"0":{"type":"branch","line":1,"loc":{"start":{"line":1,"column":1009},"end":{"line":29,"column":2}},"locations":[{"start":{"line":1,"column":1009},"end":{"line":29,"column":2}}]}},"b":{"0":[0]},"fnMap":{"0":{"name":"(empty-report)","decl":{"start":{"line":1,"column":1009},"end":{"line":29,"column":2}},"loc":{"start":{"line":1,"column":1009},"end":{"line":29,"column":2}},"line":1}},"f":{"0":0}}
,"/app/src/Components/chatBox.jsx": {"path":"/app/src/Components/chatBox.jsx","all":false,"statementMap":{"0":{"start":{"line":1,"column":0},"end":{"line":1,"column":3}},"3":{"start":{"line":4,"column":0},"end":{"line":4,"column":3}},"4":{"start":{"line":5,"column":0},"end":{"line":5,"column":35}},"5":{"start":{"line":6,"column":0},"end":{"line":6,"column":52}},"6":{"start":{"line":7,"column":0},"end":{"line":7,"column":46}},"7":{"start":{"line":8,"column":0},"end":{"line":8,"column":3}},"13":{"start":{"line":14,"column":0},"end":{"line":14,"column":3}},"14":{"start":{"line":15,"column":0},"end":{"line":15,"column":21}},"15":{"start":{"line":16,"column":0},"end":{"line":16,"column":86}},"16":{"start":{"line":17,"column":0},"end":{"line":17,"column":92}},"17":{"start":{"line":18,"column":0},"end":{"line":18,"column":100}},"18":{"start":{"line":19,"column":0},"end":{"line":19,"column":2}},"20":{"start":{"line":21,"column":0},"end":{"line":21,"column":3}},"33":{"start":{"line":34,"column":0},"end":{"line":34,"column":3}},"34":{"start":{"line":35,"column":0},"end":{"line":35,"column":33}},"35":{"start":{"line":36,"column":0},"end":{"line":36,"column":7}},"36":{"start":{"line":37,"column":0},"end":{"line":37,"column":10}},"37":{"start":{"line":38,"column":0},"end":{"line":38,"column":14}},"38":{"start":{"line":39,"column":0},"end":{"line":39,"column":11}},"39":{"start":{"line":40,"column":0},"end":{"line":40,"column":12}},"40":{"start":{"line":41,"column":0},"end":{"line":41,"column":19}},"41":{"start":{"line":42,"column":0},"end":{"line":42,"column":19}},"42":{"start":{"line":43,"column":0},"end":{"line":43,"column":19}},"43":{"start":{"line":44,"column":0},"end":{"line":44,"column":9}},"44":{"start":{"line":45,"column":0},"end":{"line":45,"column":4}},"45":{"start":{"line":46,"column":0},"end":{"line":46,"column":34}},"46":{"start":{"line":47,"column":0},"end":{"line":47,"column":57}},"48":{"start":{"line":49,"column":0},"end":{"line":49,"column":18}},"49":{"start":{"line":50,"column":0},"end":{"line":50,"column":28}},"50":{"start":{"line":51,"column":0},"end":{"line":51,"column":69}},"51":{"start":{"line":52,"column":0},"end":{"line":52,"column":78}},"52":{"start":{"line":53,"column":0},"end":{"line":53,"column":68}},"53":{"start":{"line":54,"column":0},"end":{"line":54,"column":3}},"54":{"start":{"line":55,"column":0},"end":{"line":55,"column":13}},"56":{"start":{"line":57,"column":0},"end":{"line":57,"column":9}},"57":{"start":{"line":58,"column":0},"end":{"line":58,"column":138}},"58":{"start":{"line":59,"column":0},"end":{"line":59,"column":126}},"61":{"start":{"line":62,"column":0},"end":{"line":62,"column":8}},"62":{"start":{"line":63,"column":0},"end":{"line":63,"column":22}},"63":{"start":{"line":64,"column":0},"end":{"line":64,"column":27}},"64":{"start":{"line":65,"column":0},"end":{"line":65,"column":73}},"65":{"start":{"line":66,"column":0},"end":{"line":66,"column":128}},"66":{"start":{"line":67,"column":0},"end":{"line":67,"column":29}},"67":{"start":{"line":68,"column":0},"end":{"line":68,"column":121}},"68":{"start":{"line":69,"column":0},"end":{"line":69,"column":29}},"69":{"start":{"line":70,"column":0},"end":{"line":70,"column":12}},"70":{"start":{"line":71,"column":0},"end":{"line":71,"column":43}},"71":{"start":{"line":72,"column":0},"end":{"line":72,"column":20}},"72":{"start":{"line":73,"column":0},"end":{"line":73,"column":28}},"73":{"start":{"line":74,"column":0},"end":{"line":74,"column":24}},"74":{"start":{"line":75,"column":0},"end":{"line":75,"column":30}},"75":{"start":{"line":76,"column":0},"end":{"line":76,"column":55}},"76":{"start":{"line":77,"column":0},"end":{"line":77,"column":14}},"77":{"start":{"line":78,"column":0},"end":{"line":78,"column":31}},"78":{"start":{"line":79,"column":0},"end":{"line":79,"column":32}},"79":{"start":{"line":80,"column":0},"end":{"line":80,"column":270}},"82":{"start":{"line":83,"column":0},"end":{"line":83,"column":71}},"86":{"start":{"line":87,"column":0},"end":{"line":87,"column":14}},"87":{"start":{"line":88,"column":0},"end":{"line":88,"column":25}},"88":{"start":{"line":89,"column":0},"end":{"line":89,"column":60}},"89":{"start":{"line":90,"column":0},"end":{"line":90,"column":22}},"90":{"start":{"line":91,"column":0},"end":{"line":91,"column":10}},"91":{"start":{"line":92,"column":0},"end":{"line":92,"column":28}},"92":{"start":{"line":93,"column":0},"end":{"line":93,"column":12}},"93":{"start":{"line":94,"column":0},"end":{"line":94,"column":43}},"94":{"start":{"line":95,"column":0},"end":{"line":95,"column":20}},"95":{"start":{"line":96,"column":0},"end":{"line":96,"column":28}},"96":{"start":{"line":97,"column":0},"end":{"line":97,"column":26}},"97":{"start":{"line":98,"column":0},"end":{"line":98,"column":30}},"98":{"start":{"line":99,"column":0},"end":{"line":99,"column":59}},"99":{"start":{"line":100,"column":0},"end":{"line":100,"column":14}},"100":{"start":{"line":101,"column":0},"end":{"line":101,"column":31}},"101":{"start":{"line":102,"column":0},"end":{"line":102,"column":32}},"102":{"start":{"line":103,"column":0},"end":{"line":103,"column":34}},"108":{"start":{"line":109,"column":0},"end":{"line":109,"column":14}},"109":{"start":{"line":110,"column":0},"end":{"line":110,"column":23}},"110":{"start":{"line":111,"column":0},"end":{"line":111,"column":25}},"111":{"start":{"line":112,"column":0},"end":{"line":112,"column":17}},"112":{"start":{"line":113,"column":0},"end":{"line":113,"column":43}},"113":{"start":{"line":114,"column":0},"end":{"line":114,"column":19}},"114":{"start":{"line":115,"column":0},"end":{"line":115,"column":48}},"115":{"start":{"line":116,"column":0},"end":{"line":116,"column":14}},"116":{"start":{"line":117,"column":0},"end":{"line":117,"column":240}},"119":{"start":{"line":120,"column":0},"end":{"line":120,"column":68}},"120":{"start":{"line":121,"column":0},"end":{"line":121,"column":42}},"121":{"start":{"line":122,"column":0},"end":{"line":122,"column":11}},"122":{"start":{"line":123,"column":0},"end":{"line":123,"column":18}},"123":{"start":{"line":124,"column":0},"end":{"line":124,"column":19}},"124":{"start":{"line":125,"column":0},"end":{"line":125,"column":29}},"125":{"start":{"line":126,"column":0},"end":{"line":126,"column":19}},"126":{"start":{"line":127,"column":0},"end":{"line":127,"column":43}},"127":{"start":{"line":128,"column":0},"end":{"line":128,"column":13}},"128":{"start":{"line":129,"column":0},"end":{"line":129,"column":44}},"129":{"start":{"line":130,"column":0},"end":{"line":130,"column":37}},"130":{"start":{"line":131,"column":0},"end":{"line":131,"column":24}},"131":{"start":{"line":132,"column":0},"end":{"line":132,"column":20}},"133":{"start":{"line":134,"column":0},"end":{"line":134,"column":13}},"134":{"start":{"line":135,"column":0},"end":{"line":135,"column":46}},"135":{"start":{"line":136,"column":0},"end":{"line":136,"column":37}},"136":{"start":{"line":137,"column":0},"end":{"line":137,"column":24}},"137":{"start":{"line":138,"column":0},"end":{"line":138,"column":20}},"139":{"start":{"line":140,"column":0},"end":{"line":140,"column":13}},"140":{"start":{"line":141,"column":0},"end":{"line":141,"column":16}},"141":{"start":{"line":142,"column":0},"end":{"line":142,"column":16}},"142":{"start":{"line":143,"column":0},"end":{"line":143,"column":17}},"143":{"start":{"line":144,"column":0},"end":{"line":144,"column":16}},"144":{"start":{"line":145,"column":0},"end":{"line":145,"column":37}},"145":{"start":{"line":146,"column":0},"end":{"line":146,"column":24}},"147":{"start":{"line":148,"column":0},"end":{"line":148,"column":13}},"148":{"start":{"line":149,"column":0},"end":{"line":149,"column":16}},"149":{"start":{"line":150,"column":0},"end":{"line":150,"column":16}},"150":{"start":{"line":151,"column":0},"end":{"line":151,"column":17}},"151":{"start":{"line":152,"column":0},"end":{"line":152,"column":16}},"152":{"start":{"line":153,"column":0},"end":{"line":153,"column":37}},"153":{"start":{"line":154,"column":0},"end":{"line":154,"column":24}},"155":{"start":{"line":156,"column":0},"end":{"line":156,"column":13}},"156":{"start":{"line":157,"column":0},"end":{"line":157,"column":16}},"157":{"start":{"line":158,"column":0},"end":{"line":158,"column":17}},"158":{"start":{"line":159,"column":0},"end":{"line":159,"column":17}},"159":{"start":{"line":160,"column":0},"end":{"line":160,"column":17}},"160":{"start":{"line":161,"column":0},"end":{"line":161,"column":37}},"161":{"start":{"line":162,"column":0},"end":{"line":162,"column":24}},"164":{"start":{"line":165,"column":0},"end":{"line":165,"column":20}},"165":{"start":{"line":166,"column":0},"end":{"line":166,"column":84}},"169":{"start":{"line":170,"column":0},"end":{"line":170,"column":26}},"173":{"start":{"line":174,"column":0},"end":{"line":174,"column":47}},"174":{"start":{"line":175,"column":0},"end":{"line":175,"column":14}},"175":{"start":{"line":176,"column":0},"end":{"line":176,"column":21}},"176":{"start":{"line":177,"column":0},"end":{"line":177,"column":34}},"177":{"start":{"line":178,"column":0},"end":{"line":178,"column":99}},"178":{"start":{"line":179,"column":0},"end":{"line":179,"column":12}},"179":{"start":{"line":180,"column":0},"end":{"line":180,"column":43}},"180":{"start":{"line":181,"column":0},"end":{"line":181,"column":20}},"181":{"start":{"line":182,"column":0},"end":{"line":182,"column":28}},"182":{"start":{"line":183,"column":0},"end":{"line":183,"column":26}},"183":{"start":{"line":184,"column":0},"end":{"line":184,"column":30}},"184":{"start":{"line":185,"column":0},"end":{"line":185,"column":39}},"185":{"start":{"line":186,"column":0},"end":{"line":186,"column":14}},"186":{"start":{"line":187,"column":0},"end":{"line":187,"column":31}},"187":{"start":{"line":188,"column":0},"end":{"line":188,"column":32}},"188":{"start":{"line":189,"column":0},"end":{"line":189,"column":111}},"192":{"start":{"line":193,"column":0},"end":{"line":193,"column":25}},"193":{"start":{"line":194,"column":0},"end":{"line":194,"column":49}},"194":{"start":{"line":195,"column":0},"end":{"line":195,"column":16}},"195":{"start":{"line":196,"column":0},"end":{"line":196,"column":41}},"196":{"start":{"line":197,"column":0},"end":{"line":197,"column":27}},"197":{"start":{"line":198,"column":0},"end":{"line":198,"column":62}},"198":{"start":{"line":199,"column":0},"end":{"line":199,"column":31}},"199":{"start":{"line":200,"column":0},"end":{"line":200,"column":12}},"200":{"start":{"line":201,"column":0},"end":{"line":201,"column":101}},"201":{"start":{"line":202,"column":0},"end":{"line":202,"column":14}},"202":{"start":{"line":203,"column":0},"end":{"line":203,"column":45}},"203":{"start":{"line":204,"column":0},"end":{"line":204,"column":30}},"204":{"start":{"line":205,"column":0},"end":{"line":205,"column":41}},"205":{"start":{"line":206,"column":0},"end":{"line":206,"column":16}},"206":{"start":{"line":207,"column":0},"end":{"line":207,"column":31}},"207":{"start":{"line":208,"column":0},"end":{"line":208,"column":125}},"210":{"start":{"line":211,"column":0},"end":{"line":211,"column":16}},"211":{"start":{"line":212,"column":0},"end":{"line":212,"column":41}},"212":{"start":{"line":213,"column":0},"end":{"line":213,"column":27}},"213":{"start":{"line":214,"column":0},"end":{"line":214,"column":62}},"214":{"start":{"line":215,"column":0},"end":{"line":215,"column":31}},"215":{"start":{"line":216,"column":0},"end":{"line":216,"column":12}},"216":{"start":{"line":217,"column":0},"end":{"line":217,"column":101}},"217":{"start":{"line":218,"column":0},"end":{"line":218,"column":14}},"218":{"start":{"line":219,"column":0},"end":{"line":219,"column":45}},"219":{"start":{"line":220,"column":0},"end":{"line":220,"column":30}},"220":{"start":{"line":221,"column":0},"end":{"line":221,"column":41}},"221":{"start":{"line":222,"column":0},"end":{"line":222,"column":16}},"222":{"start":{"line":223,"column":0},"end":{"line":223,"column":31}},"223":{"start":{"line":224,"column":0},"end":{"line":224,"column":197}},"226":{"start":{"line":227,"column":0},"end":{"line":227,"column":16}},"227":{"start":{"line":228,"column":0},"end":{"line":228,"column":41}},"228":{"start":{"line":229,"column":0},"end":{"line":229,"column":27}},"229":{"start":{"line":230,"column":0},"end":{"line":230,"column":62}},"230":{"start":{"line":231,"column":0},"end":{"line":231,"column":31}},"231":{"start":{"line":232,"column":0},"end":{"line":232,"column":12}},"232":{"start":{"line":233,"column":0},"end":{"line":233,"column":101}},"233":{"start":{"line":234,"column":0},"end":{"line":234,"column":14}},"234":{"start":{"line":235,"column":0},"end":{"line":235,"column":45}},"235":{"start":{"line":236,"column":0},"end":{"line":236,"column":30}},"236":{"start":{"line":237,"column":0},"end":{"line":237,"column":41}},"237":{"start":{"line":238,"column":0},"end":{"line":238,"column":16}},"238":{"start":{"line":239,"column":0},"end":{"line":239,"column":31}},"239":{"start":{"line":240,"column":0},"end":{"line":240,"column":263}},"244":{"start":{"line":245,"column":0},"end":{"line":245,"column":24}},"245":{"start":{"line":246,"column":0},"end":{"line":246,"column":15}},"246":{"start":{"line":247,"column":0},"end":{"line":247,"column":26}},"247":{"start":{"line":248,"column":0},"end":{"line":248,"column":61}},"248":{"start":{"line":249,"column":0},"end":{"line":249,"column":33}},"249":{"start":{"line":250,"column":0},"end":{"line":250,"column":11}},"250":{"start":{"line":251,"column":0},"end":{"line":251,"column":100}},"251":{"start":{"line":252,"column":0},"end":{"line":252,"column":13}},"252":{"start":{"line":253,"column":0},"end":{"line":253,"column":44}},"253":{"start":{"line":254,"column":0},"end":{"line":254,"column":21}},"254":{"start":{"line":255,"column":0},"end":{"line":255,"column":29}},"255":{"start":{"line":256,"column":0},"end":{"line":256,"column":27}},"256":{"start":{"line":257,"column":0},"end":{"line":257,"column":31}},"257":{"start":{"line":258,"column":0},"end":{"line":258,"column":29}},"258":{"start":{"line":259,"column":0},"end":{"line":259,"column":15}},"259":{"start":{"line":260,"column":0},"end":{"line":260,"column":32}},"260":{"start":{"line":261,"column":0},"end":{"line":261,"column":33}},"261":{"start":{"line":262,"column":0},"end":{"line":262,"column":35}},"266":{"start":{"line":267,"column":0},"end":{"line":267,"column":15}},"267":{"start":{"line":268,"column":0},"end":{"line":268,"column":37}},"268":{"start":{"line":269,"column":0},"end":{"line":269,"column":26}},"269":{"start":{"line":270,"column":0},"end":{"line":270,"column":56}},"270":{"start":{"line":271,"column":0},"end":{"line":271,"column":66}},"271":{"start":{"line":272,"column":0},"end":{"line":272,"column":11}},"272":{"start":{"line":273,"column":0},"end":{"line":273,"column":153}},"273":{"start":{"line":274,"column":0},"end":{"line":274,"column":13}},"274":{"start":{"line":275,"column":0},"end":{"line":275,"column":44}},"275":{"start":{"line":276,"column":0},"end":{"line":276,"column":21}},"276":{"start":{"line":277,"column":0},"end":{"line":277,"column":29}},"277":{"start":{"line":278,"column":0},"end":{"line":278,"column":27}},"278":{"start":{"line":279,"column":0},"end":{"line":279,"column":31}},"279":{"start":{"line":280,"column":0},"end":{"line":280,"column":40}},"280":{"start":{"line":281,"column":0},"end":{"line":281,"column":15}},"281":{"start":{"line":282,"column":0},"end":{"line":282,"column":32}},"282":{"start":{"line":283,"column":0},"end":{"line":283,"column":33}},"283":{"start":{"line":284,"column":0},"end":{"line":284,"column":91}},"287":{"start":{"line":288,"column":0},"end":{"line":288,"column":211}},"298":{"start":{"line":299,"column":0},"end":{"line":299,"column":1}}},"s":{"0":1,"3":1,"4":1,"5":1,"6":1,"7":1,"13":1,"14":1,"15":1,"16":1,"17":1,"18":1,"20":1,"33":1,"34":1,"35":49,"36":49,"37":49,"38":49,"39":49,"40":49,"41":49,"42":49,"43":49,"44":49,"45":49,"46":49,"48":49,"49":31,"50":31,"51":31,"52":31,"53":31,"54":49,"56":49,"57":49,"58":49,"61":49,"62":49,"63":49,"64":49,"65":49,"66":49,"67":49,"68":49,"69":49,"70":49,"71":49,"72":49,"73":49,"74":49,"75":49,"76":49,"77":49,"78":49,"79":49,"82":49,"86":49,"87":49,"88":0,"89":0,"90":0,"91":49,"92":49,"93":49,"94":49,"95":49,"96":49,"97":49,"98":49,"99":49,"100":49,"101":49,"102":49,"108":49,"109":49,"110":49,"111":49,"112":49,"113":49,"114":49,"115":49,"116":49,"119":49,"120":49,"121":49,"122":49,"123":49,"124":49,"125":49,"126":49,"127":49,"128":49,"129":49,"130":49,"131":49,"133":49,"134":49,"135":49,"136":49,"137":49,"139":49,"140":49,"141":49,"142":49,"143":49,"144":49,"145":49,"147":49,"148":49,"149":49,"150":49,"151":49,"152":49,"153":49,"155":49,"156":49,"157":49,"158":49,"159":49,"160":49,"161":49,"164":49,"165":43,"169":49,"173":49,"174":49,"175":49,"176":49,"177":49,"178":49,"179":49,"180":49,"181":49,"182":49,"183":49,"184":49,"185":49,"186":49,"187":49,"188":49,"192":49,"193":49,"194":49,"195":49,"196":49,"197":2,"198":2,"199":2,"200":49,"201":49,"202":49,"203":49,"204":49,"205":49,"206":49,"207":49,"210":49,"211":49,"212":49,"213":2,"214":2,"215":2,"216":49,"217":49,"218":49,"219":49,"220":49,"221":49,"222":49,"223":49,"226":49,"227":49,"228":49,"229":2,"230":2,"231":2,"232":49,"233":49,"234":49,"235":49,"236":49,"237":49,"238":49,"239":49,"244":49,"245":9,"246":9,"247":0,"248":0,"249":0,"250":9,"251":9,"252":9,"253":9,"254":9,"255":9,"256":9,"257":9,"258":9,"259":9,"260":9,"261":9,"266":49,"267":49,"268":49,"269":6,"270":6,"271":6,"272":49,"273":49,"274":49,"275":49,"276":49,"277":49,"278":49,"279":49,"280":49,"281":49,"282":49,"283":49,"287":49,"298":49},"branchMap":{"0":{"type":"branch","line":35,"loc":{"start":{"line":35,"column":15},"end":{"line":299,"column":1}},"locations":[{"start":{"line":35,"column":15},"end":{"line":299,"column":1}}]},"1":{"type":"branch","line":165,"loc":{"start":{"line":165,"column":9},"end":{"line":170,"column":9}},"locations":[{"start":{"line":165,"column":9},"end":{"line":170,"column":9}}]},"2":{"type":"branch","line":245,"loc":{"start":{"line":245,"column":8},"end":{"line":267,"column":9}},"locations":[{"start":{"line":245,"column":8},"end":{"line":267,"column":9}}]},"3":{"type":"branch","line":49,"loc":{"start":{"line":49,"column":11},"end":{"line":55,"column":4}},"locations":[{"start":{"line":49,"column":11},"end":{"line":55,"column":4}}]},"4":{"type":"branch","line":115,"loc":{"start":{"line":115,"column":16},"end":{"line":115,"column":48}},"locations":[{"start":{"line":115,"column":16},"end":{"line":115,"column":48}}]},"5":{"type":"branch","line":197,"loc":{"start":{"line":197,"column":19},"end":{"line":200,"column":12}},"locations":[{"start":{"line":197,"column":19},"end":{"line":200,"column":12}}]},"6":{"type":"branch","line":213,"loc":{"start":{"line":213,"column":19},"end":{"line":216,"column":12}},"locations":[{"start":{"line":213,"column":19},"end":{"line":216,"column":12}}]},"7":{"type":"branch","line":229,"loc":{"start":{"line":229,"column":19},"end":{"line":232,"column":12}},"locations":[{"start":{"line":229,"column":19},"end":{"line":232,"column":12}}]},"8":{"type":"branch","line":269,"loc":{"start":{"line":269,"column":18},"end":{"line":272,"column":11}},"locations":[{"start":{"line":269,"column":18},"end":{"line":272,"column":11}}]}},"b":{"0":[49],"1":[43],"2":[9],"3":[31],"4":[8],"5":[2],"6":[2],"7":[2],"8":[6]},"fnMap":{"0":{"name":"ChatBox","decl":{"start":{"line":35,"column":15},"end":{"line":299,"column":1}},"loc":{"start":{"line":35,"column":15},"end":{"line":299,"column":1}},"line":35},"1":{"name":"onClick","decl":{"start":{"line":88,"column":17},"end":{"line":91,"column":10}},"loc":{"start":{"line":88,"column":17},"end":{"line":91,"column":10}},"line":88},"2":{"name":"onChange","decl":{"start":{"line":115,"column":16},"end":{"line":115,"column":48}},"loc":{"start":{"line":115,"column":16},"end":{"line":115,"column":48}},"line":115},"3":{"name":"onClick","decl":{"start":{"line":197,"column":19},"end":{"line":200,"column":12}},"loc":{"start":{"line":197,"column":19},"end":{"line":200,"column":12}},"line":197},"4":{"name":"onClick","decl":{"start":{"line":213,"column":19},"end":{"line":216,"column":12}},"loc":{"start":{"line":213,"column":19},"end":{"line":216,"column":12}},"line":213},"5":{"name":"onClick","decl":{"start":{"line":229,"column":19},"end":{"line":232,"column":12}},"loc":{"start":{"line":229,"column":19},"end":{"line":232,"column":12}},"line":229},"6":{"name":"onClick","decl":{"start":{"line":247,"column":18},"end":{"line":250,"column":11}},"loc":{"start":{"line":247,"column":18},"end":{"line":250,"column":11}},"line":247},"7":{"name":"onClick","decl":{"start":{"line":269,"column":18},"end":{"line":272,"column":11}},"loc":{"start":{"line":269,"column":18},"end":{"line":272,"column":11}},"line":269}},"f":{"0":49,"1":0,"2":8,"3":2,"4":2,"5":2,"6":0,"7":6}}
,"/app/src/Components/errorBox.jsx": {"path":"/app/src/Components/errorBox.jsx","all":false,"statementMap":{"0":{"start":{"line":1,"column":0},"end":{"line":1,"column":3}},"3":{"start":{"line":4,"column":0},"end":{"line":4,"column":3}},"4":{"start":{"line":5,"column":0},"end":{"line":5,"column":35}},"5":{"start":{"line":6,"column":0},"end":{"line":6,"column":3}},"11":{"start":{"line":12,"column":0},"end":{"line":12,"column":3}},"13":{"start":{"line":14,"column":0},"end":{"line":14,"column":22}},"14":{"start":{"line":15,"column":0},"end":{"line":15,"column":86}},"15":{"start":{"line":16,"column":0},"end":{"line":16,"column":84}},"16":{"start":{"line":17,"column":0},"end":{"line":17,"column":92}},"17":{"start":{"line":18,"column":0},"end":{"line":18,"column":2}},"19":{"start":{"line":20,"column":0},"end":{"line":20,"column":3}},"32":{"start":{"line":33,"column":0},"end":{"line":33,"column":3}},"33":{"start":{"line":34,"column":0},"end":{"line":34,"column":61}},"34":{"start":{"line":35,"column":0},"end":{"line":35,"column":9}},"35":{"start":{"line":36,"column":0},"end":{"line":36,"column":6}},"36":{"start":{"line":37,"column":0},"end":{"line":37,"column":135}},"37":{"start":{"line":38,"column":0},"end":{"line":38,"column":15}},"38":{"start":{"line":39,"column":0},"end":{"line":39,"column":26}},"40":{"start":{"line":41,"column":0},"end":{"line":41,"column":54}},"41":{"start":{"line":42,"column":0},"end":{"line":42,"column":40}},"42":{"start":{"line":43,"column":0},"end":{"line":43,"column":11}},"43":{"start":{"line":44,"column":0},"end":{"line":44,"column":64}},"44":{"start":{"line":45,"column":0},"end":{"line":45,"column":30}},"45":{"start":{"line":46,"column":0},"end":{"line":46,"column":55}},"46":{"start":{"line":47,"column":0},"end":{"line":47,"column":9}},"47":{"start":{"line":48,"column":0},"end":{"line":48,"column":40}},"48":{"start":{"line":49,"column":0},"end":{"line":49,"column":17}},"49":{"start":{"line":50,"column":0},"end":{"line":50,"column":25}},"50":{"start":{"line":51,"column":0},"end":{"line":51,"column":23}},"51":{"start":{"line":52,"column":0},"end":{"line":52,"column":27}},"52":{"start":{"line":53,"column":0},"end":{"line":53,"column":25}},"53":{"start":{"line":54,"column":0},"end":{"line":54,"column":11}},"54":{"start":{"line":55,"column":0},"end":{"line":55,"column":28}},"55":{"start":{"line":56,"column":0},"end":{"line":56,"column":29}},"56":{"start":{"line":57,"column":0},"end":{"line":57,"column":31}},"63":{"start":{"line":64,"column":0},"end":{"line":64,"column":33}},"66":{"start":{"line":67,"column":0},"end":{"line":67,"column":1}}},"s":{"0":1,"3":1,"4":1,"5":1,"11":1,"13":1,"14":1,"15":1,"16":1,"17":1,"19":1,"32":1,"33":1,"34":7,"35":7,"36":7,"37":7,"38":7,"40":7,"41":7,"42":7,"43":7,"44":7,"45":7,"46":7,"47":7,"48":7,"49":7,"50":7,"51":7,"52":7,"53":7,"54":7,"55":7,"56":7,"63":7,"66":7},"branchMap":{"0":{"type":"branch","line":34,"loc":{"start":{"line":34,"column":15},"end":{"line":67,"column":1}},"locations":[{"start":{"line":34,"column":15},"end":{"line":67,"column":1}}]},"1":{"type":"branch","line":46,"loc":{"start":{"line":46,"column":14},"end":{"line":46,"column":55}},"locations":[{"start":{"line":46,"column":14},"end":{"line":46,"column":55}}]}},"b":{"0":[7],"1":[1]},"fnMap":{"0":{"name":"ErrorBox","decl":{"start":{"line":34,"column":15},"end":{"line":67,"column":1}},"loc":{"start":{"line":34,"column":15},"end":{"line":67,"column":1}},"line":34},"1":{"name":"onClick","decl":{"start":{"line":46,"column":14},"end":{"line":46,"column":55}},"loc":{"start":{"line":46,"column":14},"end":{"line":46,"column":55}},"line":46}},"f":{"0":7,"1":1}}
,"/app/src/Components/loadingSpinner.jsx": {"path":"/app/src/Components/loadingSpinner.jsx","all":false,"statementMap":{"0":{"start":{"line":1,"column":0},"end":{"line":1,"column":42}},"1":{"start":{"line":2,"column":0},"end":{"line":2,"column":9}},"2":{"start":{"line":3,"column":0},"end":{"line":3,"column":76}},"3":{"start":{"line":4,"column":0},"end":{"line":4,"column":7}},"4":{"start":{"line":5,"column":0},"end":{"line":5,"column":62}},"5":{"start":{"line":6,"column":0},"end":{"line":6,"column":46}},"6":{"start":{"line":7,"column":0},"end":{"line":7,"column":7}},"7":{"start":{"line":8,"column":0},"end":{"line":8,"column":62}},"8":{"start":{"line":9,"column":0},"end":{"line":9,"column":47}},"9":{"start":{"line":10,"column":0},"end":{"line":10,"column":73}},"12":{"start":{"line":13,"column":0},"end":{"line":13,"column":1}}},"s":{"0":1,"1":6,"2":6,"3":6,"4":6,"5":6,"6":6,"7":6,"8":6,"9":6,"12":6},"branchMap":{"0":{"type":"branch","line":1,"loc":{"start":{"line":1,"column":15},"end":{"line":13,"column":1}},"locations":[{"start":{"line":1,"column":15},"end":{"line":13,"column":1}}]}},"b":{"0":[6]},"fnMap":{"0":{"name":"LoadingSpinner","decl":{"start":{"line":1,"column":15},"end":{"line":13,"column":1}},"loc":{"start":{"line":1,"column":15},"end":{"line":13,"column":1}},"line":1}},"f":{"0":6}}
,"/app/src/Components/responseBubble.jsx": {"path":"/app/src/Components/responseBubble.jsx","all":false,"statementMap":{"0":{"start":{"line":1,"column":0},"end":{"line":1,"column":3}},"3":{"start":{"line":4,"column":0},"end":{"line":4,"column":3}},"5":{"start":{"line":6,"column":0},"end":{"line":6,"column":35}},"6":{"start":{"line":7,"column":0},"end":{"line":7,"column":33}},"7":{"start":{"line":8,"column":0},"end":{"line":8,"column":43}},"9":{"start":{"line":10,"column":0},"end":{"line":10,"column":3}},"13":{"start":{"line":14,"column":0},"end":{"line":14,"column":3}},"15":{"start":{"line":16,"column":0},"end":{"line":16,"column":28}},"16":{"start":{"line":17,"column":0},"end":{"line":17,"column":35}},"17":{"start":{"line":18,"column":0},"end":{"line":18,"column":2}},"19":{"start":{"line":20,"column":0},"end":{"line":20,"column":3}},"27":{"start":{"line":28,"column":0},"end":{"line":28,"column":3}},"29":{"start":{"line":30,"column":0},"end":{"line":30,"column":50}},"30":{"start":{"line":31,"column":0},"end":{"line":31,"column":49}},"32":{"start":{"line":33,"column":0},"end":{"line":33,"column":27}},"33":{"start":{"line":34,"column":0},"end":{"line":34,"column":50}},"34":{"start":{"line":35,"column":0},"end":{"line":35,"column":21}},"35":{"start":{"line":36,"column":0},"end":{"line":36,"column":46}},"36":{"start":{"line":37,"column":0},"end":{"line":37,"column":5}},"37":{"start":{"line":38,"column":0},"end":{"line":38,"column":3}},"39":{"start":{"line":40,"column":0},"end":{"line":40,"column":9}},"40":{"start":{"line":41,"column":0},"end":{"line":41,"column":146}},"41":{"start":{"line":42,"column":0},"end":{"line":42,"column":40}},"43":{"start":{"line":44,"column":0},"end":{"line":44,"column":10}},"44":{"start":{"line":45,"column":0},"end":{"line":45,"column":45}},"45":{"start":{"line":46,"column":0},"end":{"line":46,"column":24}},"46":{"start":{"line":47,"column":0},"end":{"line":47,"column":30}},"47":{"start":{"line":48,"column":0},"end":{"line":48,"column":17}},"48":{"start":{"line":49,"column":0},"end":{"line":49,"column":9}},"49":{"start":{"line":50,"column":0},"end":{"line":50,"column":40}},"50":{"start":{"line":51,"column":0},"end":{"line":51,"column":17}},"51":{"start":{"line":52,"column":0},"end":{"line":52,"column":25}},"52":{"start":{"line":53,"column":0},"end":{"line":53,"column":23}},"53":{"start":{"line":54,"column":0},"end":{"line":54,"column":27}},"54":{"start":{"line":55,"column":0},"end":{"line":55,"column":56}},"55":{"start":{"line":56,"column":0},"end":{"line":56,"column":11}},"56":{"start":{"line":57,"column":0},"end":{"line":57,"column":28}},"57":{"start":{"line":58,"column":0},"end":{"line":58,"column":29}},"58":{"start":{"line":59,"column":0},"end":{"line":59,"column":32}},"62":{"start":{"line":63,"column":0},"end":{"line":63,"column":9}},"63":{"start":{"line":64,"column":0},"end":{"line":64,"column":40}},"64":{"start":{"line":65,"column":0},"end":{"line":65,"column":17}},"65":{"start":{"line":66,"column":0},"end":{"line":66,"column":25}},"66":{"start":{"line":67,"column":0},"end":{"line":67,"column":23}},"67":{"start":{"line":68,"column":0},"end":{"line":68,"column":27}},"68":{"start":{"line":69,"column":0},"end":{"line":69,"column":56}},"69":{"start":{"line":70,"column":0},"end":{"line":70,"column":11}},"70":{"start":{"line":71,"column":0},"end":{"line":71,"column":28}},"71":{"start":{"line":72,"column":0},"end":{"line":72,"column":29}},"72":{"start":{"line":73,"column":0},"end":{"line":73,"column":480}},"79":{"start":{"line":80,"column":0},"end":{"line":80,"column":1}}},"s":{"0":1,"3":1,"5":1,"6":1,"7":1,"9":1,"13":1,"15":1,"16":1,"17":1,"19":1,"27":1,"29":1,"30":7,"32":7,"33":0,"34":0,"35":0,"36":0,"37":0,"39":7,"40":7,"41":7,"43":7,"44":7,"45":7,"46":7,"47":7,"48":0,"49":0,"50":0,"51":0,"52":0,"53":0,"54":0,"55":0,"56":0,"57":0,"58":0,"62":7,"63":7,"64":7,"65":7,"66":7,"67":7,"68":7,"69":7,"70":7,"71":7,"72":7,"79":7},"branchMap":{"0":{"type":"branch","line":30,"loc":{"start":{"line":30,"column":15},"end":{"line":80,"column":1}},"locations":[{"start":{"line":30,"column":15},"end":{"line":80,"column":1}}]},"1":{"type":"branch","line":48,"loc":{"start":{"line":48,"column":5},"end":{"line":63,"column":6}},"locations":[{"start":{"line":48,"column":5},"end":{"line":63,"column":6}}]}},"b":{"0":[7],"1":[0]},"fnMap":{"0":{"name":"ResponseBubble","decl":{"start":{"line":30,"column":15},"end":{"line":80,"column":1}},"loc":{"start":{"line":30,"column":15},"end":{"line":80,"column":1}},"line":30},"1":{"name":"handleCopy","decl":{"start":{"line":33,"column":20},"end":{"line":38,"column":3}},"loc":{"start":{"line":33,"column":20},"end":{"line":38,"column":3}},"line":33}},"f":{"0":7,"1":0}}
,"/app/src/Components/userBubble.jsx": {"path":"/app/src/Components/userBubble.jsx","all":false,"statementMap":{"0":{"start":{"line":1,"column":0},"end":{"line":1,"column":52}},"1":{"start":{"line":2,"column":0},"end":{"line":2,"column":35}},"3":{"start":{"line":4,"column":0},"end":{"line":4,"column":3}},"8":{"start":{"line":9,"column":0},"end":{"line":9,"column":3}},"9":{"start":{"line":10,"column":0},"end":{"line":10,"column":24}},"10":{"start":{"line":11,"column":0},"end":{"line":11,"column":35}},"11":{"start":{"line":12,"column":0},"end":{"line":12,"column":35}},"12":{"start":{"line":13,"column":0},"end":{"line":13,"column":2}},"14":{"start":{"line":15,"column":0},"end":{"line":15,"column":3}},"24":{"start":{"line":25,"column":0},"end":{"line":25,"column":3}},"25":{"start":{"line":26,"column":0},"end":{"line":26,"column":54}},"26":{"start":{"line":27,"column":0},"end":{"line":27,"column":49}},"27":{"start":{"line":28,"column":0},"end":{"line":28,"column":55}},"28":{"start":{"line":29,"column":0},"end":{"line":29,"column":85}},"29":{"start":{"line":30,"column":0},"end":{"line":30,"column":30}},"30":{"start":{"line":31,"column":0},"end":{"line":31,"column":43}},"32":{"start":{"line":33,"column":0},"end":{"line":33,"column":49}},"33":{"start":{"line":34,"column":0},"end":{"line":34,"column":18}},"34":{"start":{"line":35,"column":0},"end":{"line":35,"column":29}},"35":{"start":{"line":36,"column":0},"end":{"line":36,"column":48}},"36":{"start":{"line":37,"column":0},"end":{"line":37,"column":24}},"37":{"start":{"line":38,"column":0},"end":{"line":38,"column":10}},"38":{"start":{"line":39,"column":0},"end":{"line":39,"column":25}},"39":{"start":{"line":40,"column":0},"end":{"line":40,"column":3}},"40":{"start":{"line":41,"column":0},"end":{"line":41,"column":12}},"42":{"start":{"line":43,"column":0},"end":{"line":43,"column":60}},"43":{"start":{"line":44,"column":0},"end":{"line":44,"column":38}},"44":{"start":{"line":45,"column":0},"end":{"line":45,"column":25}},"45":{"start":{"line":46,"column":0},"end":{"line":46,"column":69}},"46":{"start":{"line":47,"column":0},"end":{"line":47,"column":47}},"47":{"start":{"line":48,"column":0},"end":{"line":48,"column":22}},"48":{"start":{"line":49,"column":0},"end":{"line":49,"column":16}},"49":{"start":{"line":50,"column":0},"end":{"line":50,"column":5}},"50":{"start":{"line":51,"column":0},"end":{"line":51,"column":3}},"52":{"start":{"line":53,"column":0},"end":{"line":53,"column":36}},"53":{"start":{"line":54,"column":0},"end":{"line":54,"column":27}},"54":{"start":{"line":55,"column":0},"end":{"line":55,"column":50}},"55":{"start":{"line":56,"column":0},"end":{"line":56,"column":21}},"56":{"start":{"line":57,"column":0},"end":{"line":57,"column":79}},"57":{"start":{"line":58,"column":0},"end":{"line":58,"column":5}},"58":{"start":{"line":59,"column":0},"end":{"line":59,"column":3}},"60":{"start":{"line":61,"column":0},"end":{"line":61,"column":9}},"61":{"start":{"line":62,"column":0},"end":{"line":62,"column":72}},"62":{"start":{"line":63,"column":0},"end":{"line":63,"column":77}},"63":{"start":{"line":64,"column":0},"end":{"line":64,"column":6}},"64":{"start":{"line":65,"column":0},"end":{"line":65,"column":18}},"65":{"start":{"line":66,"column":0},"end":{"line":66,"column":67}},"66":{"start":{"line":67,"column":0},"end":{"line":67,"column":37}},"67":{"start":{"line":68,"column":0},"end":{"line":68,"column":9}},"68":{"start":{"line":69,"column":0},"end":{"line":69,"column":11}},"70":{"start":{"line":71,"column":0},"end":{"line":71,"column":21}},"71":{"start":{"line":72,"column":0},"end":{"line":72,"column":12}},"72":{"start":{"line":73,"column":0},"end":{"line":73,"column":32}},"73":{"start":{"line":74,"column":0},"end":{"line":74,"column":37}},"74":{"start":{"line":75,"column":0},"end":{"line":75,"column":75}},"75":{"start":{"line":76,"column":0},"end":{"line":76,"column":40}},"76":{"start":{"line":77,"column":0},"end":{"line":77,"column":52}},"80":{"start":{"line":81,"column":0},"end":{"line":81,"column":44}},"81":{"start":{"line":82,"column":0},"end":{"line":82,"column":11}},"82":{"start":{"line":83,"column":0},"end":{"line":83,"column":33}},"83":{"start":{"line":84,"column":0},"end":{"line":84,"column":25}},"84":{"start":{"line":85,"column":0},"end":{"line":85,"column":31}},"85":{"start":{"line":86,"column":0},"end":{"line":86,"column":18}},"86":{"start":{"line":87,"column":0},"end":{"line":87,"column":10}},"87":{"start":{"line":88,"column":0},"end":{"line":88,"column":41}},"88":{"start":{"line":89,"column":0},"end":{"line":89,"column":18}},"89":{"start":{"line":90,"column":0},"end":{"line":90,"column":26}},"90":{"start":{"line":91,"column":0},"end":{"line":91,"column":24}},"91":{"start":{"line":92,"column":0},"end":{"line":92,"column":28}},"92":{"start":{"line":93,"column":0},"end":{"line":93,"column":57}},"93":{"start":{"line":94,"column":0},"end":{"line":94,"column":12}},"94":{"start":{"line":95,"column":0},"end":{"line":95,"column":29}},"95":{"start":{"line":96,"column":0},"end":{"line":96,"column":30}},"96":{"start":{"line":97,"column":0},"end":{"line":97,"column":33}},"100":{"start":{"line":101,"column":0},"end":{"line":101,"column":10}},"101":{"start":{"line":102,"column":0},"end":{"line":102,"column":41}},"102":{"start":{"line":103,"column":0},"end":{"line":103,"column":18}},"103":{"start":{"line":104,"column":0},"end":{"line":104,"column":26}},"104":{"start":{"line":105,"column":0},"end":{"line":105,"column":24}},"105":{"start":{"line":106,"column":0},"end":{"line":106,"column":28}},"106":{"start":{"line":107,"column":0},"end":{"line":107,"column":57}},"107":{"start":{"line":108,"column":0},"end":{"line":108,"column":12}},"108":{"start":{"line":109,"column":0},"end":{"line":109,"column":29}},"109":{"start":{"line":110,"column":0},"end":{"line":110,"column":30}},"110":{"start":{"line":111,"column":0},"end":{"line":111,"column":481}},"115":{"start":{"line":116,"column":0},"end":{"line":116,"column":11}},"116":{"start":{"line":117,"column":0},"end":{"line":117,"column":37}},"117":{"start":{"line":118,"column":0},"end":{"line":118,"column":21}},"118":{"start":{"line":119,"column":0},"end":{"line":119,"column":31}},"119":{"start":{"line":120,"column":0},"end":{"line":120,"column":9}},"120":{"start":{"line":121,"column":0},"end":{"line":121,"column":40}},"121":{"start":{"line":122,"column":0},"end":{"line":122,"column":17}},"122":{"start":{"line":123,"column":0},"end":{"line":123,"column":25}},"123":{"start":{"line":124,"column":0},"end":{"line":124,"column":23}},"124":{"start":{"line":125,"column":0},"end":{"line":125,"column":27}},"125":{"start":{"line":126,"column":0},"end":{"line":126,"column":56}},"126":{"start":{"line":127,"column":0},"end":{"line":127,"column":11}},"127":{"start":{"line":128,"column":0},"end":{"line":128,"column":28}},"128":{"start":{"line":129,"column":0},"end":{"line":129,"column":29}},"129":{"start":{"line":130,"column":0},"end":{"line":130,"column":267}},"136":{"start":{"line":137,"column":0},"end":{"line":137,"column":1}}},"s":{"0":1,"1":1,"3":1,"8":1,"9":1,"10":1,"11":1,"12":1,"14":1,"24":1,"25":1,"26":14,"27":14,"28":14,"29":14,"30":14,"32":14,"33":14,"34":9,"35":9,"36":0,"37":9,"38":9,"39":9,"40":14,"42":14,"43":14,"44":0,"45":0,"46":0,"47":0,"48":0,"49":0,"50":0,"52":14,"53":14,"54":0,"55":0,"56":0,"57":0,"58":0,"60":14,"61":14,"62":14,"63":14,"64":14,"65":14,"66":14,"67":14,"68":14,"70":14,"71":14,"72":14,"73":14,"74":14,"75":14,"76":14,"80":14,"81":14,"82":14,"83":14,"84":14,"85":14,"86":0,"87":0,"88":0,"89":0,"90":0,"91":0,"92":0,"93":0,"94":0,"95":0,"96":0,"100":14,"101":14,"102":14,"103":14,"104":14,"105":14,"106":14,"107":14,"108":14,"109":14,"110":14,"115":14,"116":14,"117":14,"118":14,"119":14,"120":14,"121":14,"122":14,"123":14,"124":14,"125":14,"126":14,"127":14,"128":14,"129":14,"136":14},"branchMap":{"0":{"type":"branch","line":26,"loc":{"start":{"line":26,"column":15},"end":{"line":137,"column":1}},"locations":[{"start":{"line":26,"column":15},"end":{"line":137,"column":1}}]},"1":{"type":"branch","line":67,"loc":{"start":{"line":67,"column":6},"end":{"line":67,"column":22}},"locations":[{"start":{"line":67,"column":6},"end":{"line":67,"column":22}}]},"2":{"type":"branch","line":86,"loc":{"start":{"line":86,"column":6},"end":{"line":101,"column":7}},"locations":[{"start":{"line":86,"column":6},"end":{"line":101,"column":7}}]},"3":{"type":"branch","line":34,"loc":{"start":{"line":34,"column":11},"end":{"line":41,"column":4}},"locations":[{"start":{"line":34,"column":11},"end":{"line":41,"column":4}}]},"4":{"type":"branch","line":36,"loc":{"start":{"line":36,"column":47},"end":{"line":38,"column":9}},"locations":[{"start":{"line":36,"column":47},"end":{"line":38,"column":9}}]}},"b":{"0":[14],"1":[0],"2":[0],"3":[9],"4":[0]},"fnMap":{"0":{"name":"UserBubble","decl":{"start":{"line":26,"column":15},"end":{"line":137,"column":1}},"loc":{"start":{"line":26,"column":15},"end":{"line":137,"column":1}},"line":26},"1":{"name":"handleShowFullMessage","decl":{"start":{"line":44,"column":31},"end":{"line":51,"column":3}},"loc":{"start":{"line":44,"column":31},"end":{"line":51,"column":3}},"line":44},"2":{"name":"handleCopy","decl":{"start":{"line":54,"column":20},"end":{"line":59,"column":3}},"loc":{"start":{"line":54,"column":20},"end":{"line":59,"column":3}},"line":54}},"f":{"0":14,"1":0,"2":0}}
,"/app/src/Pages/404.jsx": {"path":"/app/src/Pages/404.jsx","all":true,"statementMap":{"0":{"start":{"line":1,"column":0},"end":{"line":1,"column":3}},"2":{"start":{"line":3,"column":0},"end":{"line":3,"column":3}},"3":{"start":{"line":4,"column":0},"end":{"line":4,"column":44}},"4":{"start":{"line":5,"column":0},"end":{"line":5,"column":93}},"6":{"start":{"line":7,"column":0},"end":{"line":7,"column":3}},"11":{"start":{"line":12,"column":0},"end":{"line":12,"column":3}},"12":{"start":{"line":13,"column":0},"end":{"line":13,"column":40}},"13":{"start":{"line":14,"column":0},"end":{"line":14,"column":60}},"15":{"start":{"line":16,"column":0},"end":{"line":16,"column":18}},"16":{"start":{"line":17,"column":0},"end":{"line":17,"column":34}},"17":{"start":{"line":18,"column":0},"end":{"line":18,"column":51}},"18":{"start":{"line":19,"column":0},"end":{"line":19,"column":52}},"19":{"start":{"line":20,"column":0},"end":{"line":20,"column":25}},"20":{"start":{"line":21,"column":0},"end":{"line":21,"column":4}},"21":{"start":{"line":22,"column":0},"end":{"line":22,"column":56}},"22":{"start":{"line":23,"column":0},"end":{"line":23,"column":72}},"23":{"start":{"line":24,"column":0},"end":{"line":24,"column":8}},"25":{"start":{"line":26,"column":0},"end":{"line":26,"column":35}},"26":{"start":{"line":27,"column":0},"end":{"line":27,"column":49}},"30":{"start":{"line":31,"column":0},"end":{"line":31,"column":4}},"32":{"start":{"line":33,"column":0},"end":{"line":33,"column":9}},"33":{"start":{"line":34,"column":0},"end":{"line":34,"column":7}},"34":{"start":{"line":35,"column":0},"end":{"line":35,"column":145}},"35":{"start":{"line":36,"column":0},"end":{"line":36,"column":36}},"36":{"start":{"line":37,"column":0},"end":{"line":37,"column":32}},"37":{"start":{"line":38,"column":0},"end":{"line":38,"column":60}},"38":{"start":{"line":39,"column":0},"end":{"line":39,"column":101}},"41":{"start":{"line":42,"column":0},"end":{"line":42,"column":70}},"44":{"start":{"line":45,"column":0},"end":{"line":45,"column":68}},"45":{"start":{"line":46,"column":0},"end":{"line":46,"column":10}},"46":{"start":{"line":47,"column":0},"end":{"line":47,"column":12}},"47":{"start":{"line":48,"column":0},"end":{"line":48,"column":113}},"54":{"start":{"line":55,"column":0},"end":{"line":55,"column":1}}},"s":{"0":0,"2":0,"3":0,"4":0,"6":0,"11":0,"12":0,"13":0,"15":0,"16":0,"17":0,"18":0,"19":0,"20":0,"21":0,"22":0,"23":0,"25":0,"26":0,"30":0,"32":0,"33":0,"34":0,"35":0,"36":0,"37":0,"38":0,"41":0,"44":0,"45":0,"46":0,"47":0,"54":0},"branchMap":{"0":{"type":"branch","line":1,"loc":{"start":{"line":1,"column":22},"end":{"line":55,"column":-615}},"locations":[{"start":{"line":1,"column":22},"end":{"line":55,"column":-615}}]}},"b":{"0":[0]},"fnMap":{"0":{"name":"(empty-report)","decl":{"start":{"line":1,"column":22},"end":{"line":55,"column":-615}},"loc":{"start":{"line":1,"column":22},"end":{"line":55,"column":-615}},"line":1}},"f":{"0":0}}
,"/app/src/api/api.js": {"path":"/app/src/api/api.js","all":false,"statementMap":{"0":{"start":{"line":1,"column":0},"end":{"line":1,"column":49}},"1":{"start":{"line":2,"column":0},"end":{"line":2,"column":0}},"2":{"start":{"line":3,"column":0},"end":{"line":3,"column":29}},"3":{"start":{"line":4,"column":0},"end":{"line":4,"column":34}},"4":{"start":{"line":5,"column":0},"end":{"line":5,"column":3}}},"s":{"0":1,"1":1,"2":1,"3":1,"4":1},"branchMap":{},"b":{},"fnMap":{},"f":{}}
}
